/Users/liam/dev/udacity/CarND-PID-Control-Project/cmake-build-debug/pid
Listening to port 4567
Connected!!!
TwiddleParams
Steering,uc:10000,0:Initial|pe:0.1355,ie:192.704,de:0.0318,te:-0.501029|tsqe:737.279,sqe:0.0744802,bqe:inf|p:[0.405,0.0005,11],dp_:[0.05,0.0001,1]
---------------------
-------- No Improvement
After Twiddle ---------------------
Steering,uc:10000,0:Higher|pe:0.1355,ie:192.704,de:0.0318,te:-0.501029|tsqe:0,sqe:0.0744802,bqe:0.0744802|p:[0.455,0.0005,11],dp_:[0.05,0.0001,1]
---------------------

TwiddleParams
Steering,uc:20000,0:Higher|pe:1.8647,ie:337.151,de:-0.0676,te:-0.273414|tsqe:1175.05,sqe:0.118704,bqe:0.0744802|p:[0.455,0.0005,11],dp_:[0.05,0.0001,1]
---------------------
-------- No Improvement
After Twiddle ---------------------
Steering,uc:20000,0:Lower|pe:1.8647,ie:337.151,de:-0.0676,te:-0.273414|tsqe:0,sqe:0.118704,bqe:0.0744802|p:[0.355,0.0005,11],dp_:[0.05,0.0001,1]
---------------------

TwiddleParams
Steering,uc:30000,0:Lower|pe:0.6304,ie:-5.7268,de:0.1067,te:-1.39463|tsqe:687.766,sqe:0.0694783,bqe:0.0744802|p:[0.355,0.0005,11],dp_:[0.05,0.0001,1]
---------------------
+++++ :Improvement of 0.00500189
-------- No Improvement
After Twiddle ---------------------
Steering,uc:30000,1:Higher|pe:0.6304,ie:-5.7268,de:0.1067,te:-1.39463|tsqe:0,sqe:0.0694783,bqe:0.0694783|p:[0.355,0.0006,11],dp_:[0.055,0.0001,1]
---------------------

TwiddleParams
Steering,uc:40000,1:Higher|pe:0.1683,ie:-36.142,de:0,te:-0.0380613|tsqe:523.695,sqe:0.0529038,bqe:0.0694783|p:[0.355,0.0006,11],dp_:[0.055,0.0001,1]
---------------------
+++++ :Improvement of 0.0165745
-------- No Improvement
After Twiddle ---------------------
Steering,uc:40000,2:Higher|pe:0.1683,ie:-36.142,de:0,te:-0.0380613|tsqe:0,sqe:0.0529038,bqe:0.0529038|p:[0.355,0.0006,12],dp_:[0.055,0.00011,1]
---------------------

TwiddleParams
Steering,uc:50000,2:Higher|pe:-0.4945,ie:157.025,de:0.0928,te:-1.03227|tsqe:725.537,sqe:0.073294,bqe:0.0529038|p:[0.355,0.0006,12],dp_:[0.055,0.00011,1]
---------------------
-------- No Improvement
After Twiddle ---------------------
Steering,uc:50000,2:Lower|pe:-0.4945,ie:157.025,de:0.0928,te:-1.03227|tsqe:0,sqe:0.073294,bqe:0.0529038|p:[0.355,0.0006,10],dp_:[0.055,0.00011,1]
---------------------

TwiddleParams
Steering,uc:60000,2:Lower|pe:0.3453,ie:-69.8545,de:0,te:-0.0806688|tsqe:509.037,sqe:0.0514231,bqe:0.0529038|p:[0.355,0.0006,10],dp_:[0.055,0.00011,1]
---------------------
+++++ :Improvement of 0.00148067
-------- No Improvement
After Twiddle ---------------------
Steering,uc:60000,0:Higher|pe:0.3453,ie:-69.8545,de:0,te:-0.0806688|tsqe:0,sqe:0.0514231,bqe:0.0514231|p:[0.41,0.0006,10],dp_:[0.055,0.00011,1.1]
---------------------

TwiddleParams
Steering,uc:70000,0:Higher|pe:-0.1004,ie:106.481,de:0,te:-0.0227243|tsqe:961.444,sqe:0.0971254,bqe:0.0514231|p:[0.41,0.0006,10],dp_:[0.055,0.00011,1.1]
---------------------
-------- No Improvement
After Twiddle ---------------------
Steering,uc:70000,0:Lower|pe:-0.1004,ie:106.481,de:0,te:-0.0227243|tsqe:0,sqe:0.0971254,bqe:0.0514231|p:[0.3,0.0006,10],dp_:[0.055,0.00011,1.1]
---------------------

TwiddleParams
Steering,uc:80000,0:Lower|pe:-0.4409,ie:212.479,de:0,te:0.0047829|tsqe:431.686,sqe:0.0436091,bqe:0.0514231|p:[0.3,0.0006,10],dp_:[0.055,0.00011,1.1]
---------------------
+++++ :Improvement of 0.00781401
-------- No Improvement
After Twiddle ---------------------
Steering,uc:80000,1:Higher|pe:-0.4409,ie:212.479,de:0,te:0.0047829|tsqe:0,sqe:0.0436091,bqe:0.0436091|p:[0.3,0.00071,10],dp_:[0.0605,0.00011,1.1]
---------------------

TwiddleParams
Steering,uc:90000,1:Higher|pe:0.0817,ie:59.3934,de:0,te:-0.0666793|tsqe:473.008,sqe:0.0477834,bqe:0.0436091|p:[0.3,0.00071,10],dp_:[0.0605,0.00011,1.1]
---------------------
-------- No Improvement
After Twiddle ---------------------
Steering,uc:90000,1:Lower|pe:0.0817,ie:59.3934,de:0,te:-0.0666793|tsqe:0,sqe:0.0477834,bqe:0.0436091|p:[0.3,0.00049,10],dp_:[0.0605,0.00011,1.1]
---------------------

TwiddleParams
Steering,uc:100000,1:Lower|pe:-0.1333,ie:78.4946,de:0,te:0.00152765|tsqe:807.364,sqe:0.0815601,bqe:0.0436091|p:[0.3,0.00049,10],dp_:[0.0605,0.00011,1.1]
---------------------
-------- No Improvement
-------- No Improvement
After Twiddle ---------------------
Steering,uc:100000,2:Higher|pe:-0.1333,ie:78.4946,de:0,te:0.00152765|tsqe:0,sqe:0.0815601,bqe:0.0436091|p:[0.3,0.0006,11.1],dp_:[0.0605,9.9e-05,1.1]
---------------------

TwiddleParams
Steering,uc:110000,2:Higher|pe:-0.0193,ie:32.2615,de:0.0038,te:-0.0557469|tsqe:946.597,sqe:0.0956255,bqe:0.0436091|p:[0.3,0.0006,11.1],dp_:[0.0605,9.9e-05,1.1]
---------------------
-------- No Improvement
After Twiddle ---------------------
Steering,uc:110000,2:Lower|pe:-0.0193,ie:32.2615,de:0.0038,te:-0.0557469|tsqe:0,sqe:0.0956255,bqe:0.0436091|p:[0.3,0.0006,8.9],dp_:[0.0605,9.9e-05,1.1]
---------------------

TwiddleParams
Steering,uc:120000,2:Lower|pe:0.2297,ie:75.4505,de:0,te:-0.11418|tsqe:554.506,sqe:0.0560164,bqe:0.0436091|p:[0.3,0.0006,8.9],dp_:[0.0605,9.9e-05,1.1]
---------------------
-------- No Improvement
-------- No Improvement
After Twiddle ---------------------
Steering,uc:120000,0:Higher|pe:0.2297,ie:75.4505,de:0,te:-0.11418|tsqe:0,sqe:0.0560164,bqe:0.0436091|p:[0.3605,0.0006,10],dp_:[0.0605,9.9e-05,0.99]
---------------------

TwiddleParams
Steering,uc:130000,0:Higher|pe:0.3514,ie:202.681,de:0,te:-0.248288|tsqe:504.604,sqe:0.0509753,bqe:0.0436091|p:[0.3605,0.0006,10],dp_:[0.0605,9.9e-05,0.99]
---------------------
-------- No Improvement
After Twiddle ---------------------
Steering,uc:130000,0:Lower|pe:0.3514,ie:202.681,de:0,te:-0.248288|tsqe:0,sqe:0.0509753,bqe:0.0436091|p:[0.2395,0.0006,10],dp_:[0.0605,9.9e-05,0.99]
---------------------

TwiddleParams
Steering,uc:140000,0:Lower|pe:0.1543,ie:36.323,de:0.0201,te:-0.259749|tsqe:663.042,sqe:0.0669807,bqe:0.0436091|p:[0.2395,0.0006,10],dp_:[0.0605,9.9e-05,0.99]
---------------------
-------- No Improvement
-------- No Improvement
After Twiddle ---------------------
Steering,uc:140000,1:Higher|pe:0.1543,ie:36.323,de:0.0201,te:-0.259749|tsqe:0,sqe:0.0669807,bqe:0.0436091|p:[0.3,0.000699,10],dp_:[0.05445,9.9e-05,0.99]
---------------------

TwiddleParams
Steering,uc:150000,1:Higher|pe:-0.0531,ie:45.4638,de:0,te:-0.0158492|tsqe:482.232,sqe:0.0487153,bqe:0.0436091|p:[0.3,0.000699,10],dp_:[0.05445,9.9e-05,0.99]
---------------------
-------- No Improvement
After Twiddle ---------------------
Steering,uc:150000,1:Lower|pe:-0.0531,ie:45.4638,de:0,te:-0.0158492|tsqe:0,sqe:0.0487153,bqe:0.0436091|p:[0.3,0.000501,10],dp_:[0.05445,9.9e-05,0.99]
---------------------

TwiddleParams
Steering,uc:160000,1:Lower|pe:-0.3996,ie:135.038,de:0.0025,te:0.0272259|tsqe:763.599,sqe:0.077139,bqe:0.0436091|p:[0.3,0.000501,10],dp_:[0.05445,9.9e-05,0.99]
---------------------
-------- No Improvement
-------- No Improvement
After Twiddle ---------------------
Steering,uc:160000,2:Higher|pe:-0.3996,ie:135.038,de:0.0025,te:0.0272259|tsqe:0,sqe:0.077139,bqe:0.0436091|p:[0.3,0.0006,10.99],dp_:[0.05445,8.91e-05,0.99]
---------------------

TwiddleParams
Steering,uc:170000,2:Higher|pe:-0.2504,ie:120.107,de:-0.0026,te:0.0316299|tsqe:690.132,sqe:0.0697173,bqe:0.0436091|p:[0.3,0.0006,10.99],dp_:[0.05445,8.91e-05,0.99]
---------------------
-------- No Improvement
After Twiddle ---------------------
Steering,uc:170000,2:Lower|pe:-0.2504,ie:120.107,de:-0.0026,te:0.0316299|tsqe:0,sqe:0.0697173,bqe:0.0436091|p:[0.3,0.0006,9.01],dp_:[0.05445,8.91e-05,0.99]
---------------------

TwiddleParams
Steering,uc:180000,2:Lower|pe:-0.1746,ie:161.63,de:0,te:-0.0445978|tsqe:561.411,sqe:0.056714,bqe:0.0436091|p:[0.3,0.0006,9.01],dp_:[0.05445,8.91e-05,0.99]
---------------------
-------- No Improvement
-------- No Improvement
After Twiddle ---------------------
Steering,uc:180000,0:Higher|pe:-0.1746,ie:161.63,de:0,te:-0.0445978|tsqe:0,sqe:0.056714,bqe:0.0436091|p:[0.35445,0.0006,10],dp_:[0.05445,8.91e-05,0.891]
---------------------

TwiddleParams
Steering,uc:190000,0:Higher|pe:0.649,ie:138.021,de:-0.0043,te:-0.269851|tsqe:703.673,sqe:0.0710852,bqe:0.0436091|p:[0.35445,0.0006,10],dp_:[0.05445,8.91e-05,0.891]
---------------------
-------- No Improvement
After Twiddle ---------------------
Steering,uc:190000,0:Lower|pe:0.649,ie:138.021,de:-0.0043,te:-0.269851|tsqe:0,sqe:0.0710852,bqe:0.0436091|p:[0.24555,0.0006,10],dp_:[0.05445,8.91e-05,0.891]
---------------------

TwiddleParams
Steering,uc:200000,0:Lower|pe:-0.2778,ie:82.4966,de:0,te:0.0187158|tsqe:816.374,sqe:0.0824704,bqe:0.0436091|p:[0.24555,0.0006,10],dp_:[0.05445,8.91e-05,0.891]
---------------------
-------- No Improvement
-------- No Improvement
After Twiddle ---------------------
Steering,uc:200000,1:Higher|pe:-0.2778,ie:82.4966,de:0,te:0.0187158|tsqe:0,sqe:0.0824704,bqe:0.0436091|p:[0.3,0.0006891,10],dp_:[0.049005,8.91e-05,0.891]
---------------------

TwiddleParams
Steering,uc:210000,1:Higher|pe:-0.0264,ie:62.8405,de:0,te:-0.0353834|tsqe:648.635,sqe:0.0655253,bqe:0.0436091|p:[0.3,0.0006891,10],dp_:[0.049005,8.91e-05,0.891]
---------------------
-------- No Improvement
After Twiddle ---------------------
Steering,uc:210000,1:Lower|pe:-0.0264,ie:62.8405,de:0,te:-0.0353834|tsqe:0,sqe:0.0655253,bqe:0.0436091|p:[0.3,0.0005109,10],dp_:[0.049005,8.91e-05,0.891]
---------------------

TwiddleParams
Steering,uc:220000,1:Lower|pe:-0.0027,ie:66.6619,de:0,te:-0.0332476|tsqe:573.74,sqe:0.0579594,bqe:0.0436091|p:[0.3,0.0005109,10],dp_:[0.049005,8.91e-05,0.891]
---------------------
-------- No Improvement
-------- No Improvement
After Twiddle ---------------------
Steering,uc:220000,2:Higher|pe:-0.0027,ie:66.6619,de:0,te:-0.0332476|tsqe:0,sqe:0.0579594,bqe:0.0436091|p:[0.3,0.0006,10.891],dp_:[0.049005,8.019e-05,0.891]
---------------------

TwiddleParams
Steering,uc:230000,2:Higher|pe:-0.0482,ie:52.4927,de:0,te:-0.0170356|tsqe:659.694,sqe:0.0666425,bqe:0.0436091|p:[0.3,0.0006,10.891],dp_:[0.049005,8.019e-05,0.891]
---------------------
-------- No Improvement
After Twiddle ---------------------
Steering,uc:230000,2:Lower|pe:-0.0482,ie:52.4927,de:0,te:-0.0170356|tsqe:0,sqe:0.0666425,bqe:0.0436091|p:[0.3,0.0006,9.109],dp_:[0.049005,8.019e-05,0.891]
---------------------

TwiddleParams
Steering,uc:240000,2:Lower|pe:0.0757,ie:58.1995,de:0,te:-0.0576297|tsqe:533.877,sqe:0.0539324,bqe:0.0436091|p:[0.3,0.0006,9.109],dp_:[0.049005,8.019e-05,0.891]
---------------------
-------- No Improvement
-------- No Improvement
After Twiddle ---------------------
Steering,uc:240000,0:Higher|pe:0.0757,ie:58.1995,de:0,te:-0.0576297|tsqe:0,sqe:0.0539324,bqe:0.0436091|p:[0.349005,0.0006,10],dp_:[0.049005,8.019e-05,0.8019]
---------------------

TwiddleParams
Steering,uc:250000,0:Higher|pe:0.0072,ie:82.613,de:0,te:-0.0520806|tsqe:523.965,sqe:0.0529311,bqe:0.0436091|p:[0.349005,0.0006,10],dp_:[0.049005,8.019e-05,0.8019]
---------------------
-------- No Improvement
After Twiddle ---------------------
Steering,uc:250000,0:Lower|pe:0.0072,ie:82.613,de:0,te:-0.0520806|tsqe:0,sqe:0.0529311,bqe:0.0436091|p:[0.250995,0.0006,10],dp_:[0.049005,8.019e-05,0.8019]
---------------------

TwiddleParams
Steering,uc:260000,0:Lower|pe:0.0453,ie:119.075,de:-0.014,te:0.0571851|tsqe:570.128,sqe:0.0575945,bqe:0.0436091|p:[0.250995,0.0006,10],dp_:[0.049005,8.019e-05,0.8019]
---------------------
-------- No Improvement
-------- No Improvement
After Twiddle ---------------------
Steering,uc:260000,1:Higher|pe:0.0453,ie:119.075,de:-0.014,te:0.0571851|tsqe:0,sqe:0.0575945,bqe:0.0436091|p:[0.3,0.00068019,10],dp_:[0.0441045,8.019e-05,0.8019]
---------------------

TwiddleParams
Steering,uc:270000,1:Higher|pe:-0.1463,ie:123.906,de:0,te:-0.0403895|tsqe:562.549,sqe:0.0568289,bqe:0.0436091|p:[0.3,0.00068019,10],dp_:[0.0441045,8.019e-05,0.8019]
---------------------
-------- No Improvement
After Twiddle ---------------------
Steering,uc:270000,1:Lower|pe:-0.1463,ie:123.906,de:0,te:-0.0403895|tsqe:0,sqe:0.0568289,bqe:0.0436091|p:[0.3,0.00051981,10],dp_:[0.0441045,8.019e-05,0.8019]
---------------------

TwiddleParams
Steering,uc:280000,1:Lower|pe:0.2511,ie:208.093,de:-0.0047,te:-0.136499|tsqe:635.348,sqe:0.0641831,bqe:0.0436091|p:[0.3,0.00051981,10],dp_:[0.0441045,8.019e-05,0.8019]
---------------------
-------- No Improvement
-------- No Improvement
After Twiddle ---------------------
Steering,uc:280000,2:Higher|pe:0.2511,ie:208.093,de:-0.0047,te:-0.136499|tsqe:0,sqe:0.0641831,bqe:0.0436091|p:[0.3,0.0006,10.8019],dp_:[0.0441045,7.2171e-05,0.8019]
---------------------

TwiddleParams
Steering,uc:290000,2:Higher|pe:-0.3218,ie:259.438,de:0,te:-0.0591227|tsqe:638.435,sqe:0.0644949,bqe:0.0436091|p:[0.3,0.0006,10.8019],dp_:[0.0441045,7.2171e-05,0.8019]
---------------------
-------- No Improvement
After Twiddle ---------------------
Steering,uc:290000,2:Lower|pe:-0.3218,ie:259.438,de:0,te:-0.0591227|tsqe:0,sqe:0.0644949,bqe:0.0436091|p:[0.3,0.0006,9.1981],dp_:[0.0441045,7.2171e-05,0.8019]
---------------------

TwiddleParams
Steering,uc:300000,2:Lower|pe:-0.1621,ie:59.8812,de:-0.0147,te:0.147913|tsqe:469.95,sqe:0.0474745,bqe:0.0436091|p:[0.3,0.0006,9.1981],dp_:[0.0441045,7.2171e-05,0.8019]
---------------------
-------- No Improvement
-------- No Improvement
After Twiddle ---------------------
Steering,uc:300000,0:Higher|pe:-0.1621,ie:59.8812,de:-0.0147,te:0.147913|tsqe:0,sqe:0.0474745,bqe:0.0436091|p:[0.344104,0.0006,10],dp_:[0.0441045,7.2171e-05,0.72171]
---------------------

TwiddleParams
Steering,uc:310000,0:Higher|pe:0.1818,ie:-83.5567,de:0,te:-0.0124242|tsqe:614.442,sqe:0.0620711,bqe:0.0436091|p:[0.344104,0.0006,10],dp_:[0.0441045,7.2171e-05,0.72171]
---------------------
-------- No Improvement
After Twiddle ---------------------
Steering,uc:310000,0:Lower|pe:0.1818,ie:-83.5567,de:0,te:-0.0124242|tsqe:0,sqe:0.0620711,bqe:0.0436091|p:[0.255895,0.0006,10],dp_:[0.0441045,7.2171e-05,0.72171]
---------------------

TwiddleParams
Steering,uc:320000,0:Lower|pe:-0.8755,ie:-13.1966,de:0,te:0.231954|tsqe:686.791,sqe:0.0693798,bqe:0.0436091|p:[0.255895,0.0006,10],dp_:[0.0441045,7.2171e-05,0.72171]
---------------------
-------- No Improvement
-------- No Improvement
After Twiddle ---------------------
Steering,uc:320000,1:Higher|pe:-0.8755,ie:-13.1966,de:0,te:0.231954|tsqe:0,sqe:0.0693798,bqe:0.0436091|p:[0.3,0.000672171,10],dp_:[0.0396941,7.2171e-05,0.72171]
---------------------

TwiddleParams
Steering,uc:330000,1:Higher|pe:-0.1499,ie:108.894,de:-0.0089,te:0.0607749|tsqe:691.146,sqe:0.0698198,bqe:0.0436091|p:[0.3,0.000672171,10],dp_:[0.0396941,7.2171e-05,0.72171]
---------------------
-------- No Improvement
After Twiddle ---------------------
Steering,uc:330000,1:Lower|pe:-0.1499,ie:108.894,de:-0.0089,te:0.0607749|tsqe:0,sqe:0.0698198,bqe:0.0436091|p:[0.3,0.000527829,10],dp_:[0.0396941,7.2171e-05,0.72171]
---------------------

TwiddleParams
Steering,uc:340000,1:Lower|pe:0.0086,ie:265.431,de:0.0151,te:-0.293682|tsqe:461.533,sqe:0.0466242,bqe:0.0436091|p:[0.3,0.000527829,10],dp_:[0.0396941,7.2171e-05,0.72171]
---------------------
-------- No Improvement
-------- No Improvement
After Twiddle ---------------------
Steering,uc:340000,2:Higher|pe:0.0086,ie:265.431,de:0.0151,te:-0.293682|tsqe:0,sqe:0.0466242,bqe:0.0436091|p:[0.3,0.0006,10.7217],dp_:[0.0396941,6.49539e-05,0.72171]
---------------------

TwiddleParams
Steering,uc:350000,2:Higher|pe:0.3323,ie:73.8973,de:0,te:-0.144028|tsqe:682.135,sqe:0.0689095,bqe:0.0436091|p:[0.3,0.0006,10.7217],dp_:[0.0396941,6.49539e-05,0.72171]
---------------------
-------- No Improvement
After Twiddle ---------------------
Steering,uc:350000,2:Lower|pe:0.3323,ie:73.8973,de:0,te:-0.144028|tsqe:0,sqe:0.0689095,bqe:0.0436091|p:[0.3,0.0006,9.27829],dp_:[0.0396941,6.49539e-05,0.72171]
---------------------

TwiddleParams
Steering,uc:360000,2:Lower|pe:0.3005,ie:61.3796,de:-0.0016,te:-0.112132|tsqe:467.395,sqe:0.0472164,bqe:0.0436091|p:[0.3,0.0006,9.27829],dp_:[0.0396941,6.49539e-05,0.72171]
---------------------
-------- No Improvement
-------- No Improvement
After Twiddle ---------------------
Steering,uc:360000,0:Higher|pe:0.3005,ie:61.3796,de:-0.0016,te:-0.112132|tsqe:0,sqe:0.0472164,bqe:0.0436091|p:[0.339694,0.0006,10],dp_:[0.0396941,6.49539e-05,0.649539]
---------------------

TwiddleParams
Steering,uc:370000,0:Higher|pe:-0.0278,ie:37.9698,de:0.0054,te:-0.0673384|tsqe:758.742,sqe:0.0766484,bqe:0.0436091|p:[0.339694,0.0006,10],dp_:[0.0396941,6.49539e-05,0.649539]
---------------------
-------- No Improvement
After Twiddle ---------------------
Steering,uc:370000,0:Lower|pe:-0.0278,ie:37.9698,de:0.0054,te:-0.0673384|tsqe:0,sqe:0.0766484,bqe:0.0436091|p:[0.260306,0.0006,10],dp_:[0.0396941,6.49539e-05,0.649539]
---------------------

TwiddleParams
Steering,uc:380000,0:Lower|pe:-0.1069,ie:67.2907,de:0.0005,te:-0.0175477|tsqe:646.357,sqe:0.0652952,bqe:0.0436091|p:[0.260306,0.0006,10],dp_:[0.0396941,6.49539e-05,0.649539]
---------------------
-------- No Improvement
-------- No Improvement
After Twiddle ---------------------
Steering,uc:380000,1:Higher|pe:-0.1069,ie:67.2907,de:0.0005,te:-0.0175477|tsqe:0,sqe:0.0652952,bqe:0.0436091|p:[0.3,0.000664954,10],dp_:[0.0357246,6.49539e-05,0.649539]
---------------------

TwiddleParams
Steering,uc:390000,1:Higher|pe:0.4132,ie:83.7334,de:0,te:-0.179639|tsqe:589.47,sqe:0.0595484,bqe:0.0436091|p:[0.3,0.000664954,10],dp_:[0.0357246,6.49539e-05,0.649539]
---------------------
-------- No Improvement
After Twiddle ---------------------
Steering,uc:390000,1:Lower|pe:0.4132,ie:83.7334,de:0,te:-0.179639|tsqe:0,sqe:0.0595484,bqe:0.0436091|p:[0.3,0.000535046,10],dp_:[0.0357246,6.49539e-05,0.649539]
---------------------

TwiddleParams
Steering,uc:400000,1:Lower|pe:-0.0813,ie:151.589,de:0,te:-0.056717|tsqe:525.61,sqe:0.0530973,bqe:0.0436091|p:[0.3,0.000535046,10],dp_:[0.0357246,6.49539e-05,0.649539]
---------------------
-------- No Improvement
-------- No Improvement
After Twiddle ---------------------
Steering,uc:400000,2:Higher|pe:-0.0813,ie:151.589,de:0,te:-0.056717|tsqe:0,sqe:0.0530973,bqe:0.0436091|p:[0.3,0.0006,10.6495],dp_:[0.0357246,5.84585e-05,0.649539]
---------------------

TwiddleParams
Steering,uc:410000,2:Higher|pe:0.2347,ie:161.138,de:0,te:-0.167093|tsqe:704.457,sqe:0.0711645,bqe:0.0436091|p:[0.3,0.0006,10.6495],dp_:[0.0357246,5.84585e-05,0.649539]
---------------------
-------- No Improvement
After Twiddle ---------------------
Steering,uc:410000,2:Lower|pe:0.2347,ie:161.138,de:0,te:-0.167093|tsqe:0,sqe:0.0711645,bqe:0.0436091|p:[0.3,0.0006,9.35046],dp_:[0.0357246,5.84585e-05,0.649539]
---------------------

TwiddleParams
Steering,uc:420000,2:Lower|pe:0.5983,ie:136.651,de:0.0069,te:-0.325999|tsqe:493.698,sqe:0.0498735,bqe:0.0436091|p:[0.3,0.0006,9.35046],dp_:[0.0357246,5.84585e-05,0.649539]
---------------------
-------- No Improvement
-------- No Improvement
After Twiddle ---------------------
Steering,uc:420000,0:Higher|pe:0.5983,ie:136.651,de:0.0069,te:-0.325999|tsqe:0,sqe:0.0498735,bqe:0.0436091|p:[0.335725,0.0006,10],dp_:[0.0357246,5.84585e-05,0.584585]
---------------------

TwiddleParams
Steering,uc:430000,0:Higher|pe:0.1955,ie:95.8587,de:0,te:-0.123149|tsqe:522.497,sqe:0.0527829,bqe:0.0436091|p:[0.335725,0.0006,10],dp_:[0.0357246,5.84585e-05,0.584585]
---------------------
-------- No Improvement
After Twiddle ---------------------
Steering,uc:430000,0:Lower|pe:0.1955,ie:95.8587,de:0,te:-0.123149|tsqe:0,sqe:0.0527829,bqe:0.0436091|p:[0.264275,0.0006,10],dp_:[0.0357246,5.84585e-05,0.584585]
---------------------

TwiddleParams
Steering,uc:440000,0:Lower|pe:0.1285,ie:80.572,de:0,te:-0.0823026|tsqe:641.457,sqe:0.0648001,bqe:0.0436091|p:[0.264275,0.0006,10],dp_:[0.0357246,5.84585e-05,0.584585]
---------------------
-------- No Improvement
-------- No Improvement
After Twiddle ---------------------
Steering,uc:440000,1:Higher|pe:0.1285,ie:80.572,de:0,te:-0.0823026|tsqe:0,sqe:0.0648001,bqe:0.0436091|p:[0.3,0.000658459,10],dp_:[0.0321522,5.84585e-05,0.584585]
---------------------

TwiddleParams
Steering,uc:450000,1:Higher|pe:-0.0335,ie:56.8673,de:-0.0068,te:0.0406052|tsqe:579.547,sqe:0.058546,bqe:0.0436091|p:[0.3,0.000658459,10],dp_:[0.0321522,5.84585e-05,0.584585]
---------------------
-------- No Improvement
After Twiddle ---------------------
Steering,uc:450000,1:Lower|pe:-0.0335,ie:56.8673,de:-0.0068,te:0.0406052|tsqe:0,sqe:0.058546,bqe:0.0436091|p:[0.3,0.000541541,10],dp_:[0.0321522,5.84585e-05,0.584585]
---------------------

TwiddleParams
Steering,uc:460000,1:Lower|pe:-0.0329,ie:63.678,de:0,te:-0.0246143|tsqe:652.238,sqe:0.0658892,bqe:0.0436091|p:[0.3,0.000541541,10],dp_:[0.0321522,5.84585e-05,0.584585]
---------------------
-------- No Improvement
-------- No Improvement
After Twiddle ---------------------
Steering,uc:460000,2:Higher|pe:-0.0329,ie:63.678,de:0,te:-0.0246143|tsqe:0,sqe:0.0658892,bqe:0.0436091|p:[0.3,0.0006,10.5846],dp_:[0.0321522,5.26127e-05,0.584585]
---------------------

TwiddleParams
Steering,uc:470000,2:Higher|pe:-0.2034,ie:64.7933,de:0,te:0.022144|tsqe:656.243,sqe:0.0662939,bqe:0.0436091|p:[0.3,0.0006,10.5846],dp_:[0.0321522,5.26127e-05,0.584585]
---------------------
-------- No Improvement
After Twiddle ---------------------
Steering,uc:470000,2:Lower|pe:-0.2034,ie:64.7933,de:0,te:0.022144|tsqe:0,sqe:0.0662939,bqe:0.0436091|p:[0.3,0.0006,9.41541],dp_:[0.0321522,5.26127e-05,0.584585]
---------------------

TwiddleParams
Steering,uc:480000,2:Lower|pe:-0.0449,ie:74.641,de:0.0081,te:-0.107579|tsqe:509.689,sqe:0.051489,bqe:0.0436091|p:[0.3,0.0006,9.41541],dp_:[0.0321522,5.26127e-05,0.584585]
---------------------
-------- No Improvement
-------- No Improvement
After Twiddle ---------------------
Steering,uc:480000,0:Higher|pe:-0.0449,ie:74.641,de:0.0081,te:-0.107579|tsqe:0,sqe:0.051489,bqe:0.0436091|p:[0.332152,0.0006,10],dp_:[0.0321522,5.26127e-05,0.526127]
---------------------

TwiddleParams
Steering,uc:490000,0:Higher|pe:-0.2464,ie:99.1162,de:0.0022,te:0.000372577|tsqe:526.295,sqe:0.0531665,bqe:0.0436091|p:[0.332152,0.0006,10],dp_:[0.0321522,5.26127e-05,0.526127]
---------------------
-------- No Improvement
After Twiddle ---------------------
Steering,uc:490000,0:Lower|pe:-0.2464,ie:99.1162,de:0.0022,te:0.000372577|tsqe:0,sqe:0.0531665,bqe:0.0436091|p:[0.267848,0.0006,10],dp_:[0.0321522,5.26127e-05,0.526127]
---------------------

TwiddleParams
Steering,uc:500000,0:Lower|pe:0.0574,ie:129.533,de:-0.0093,te:-9.41448e-05|tsqe:619.562,sqe:0.0625883,bqe:0.0436091|p:[0.267848,0.0006,10],dp_:[0.0321522,5.26127e-05,0.526127]
---------------------
-------- No Improvement
-------- No Improvement
After Twiddle ---------------------
Steering,uc:500000,1:Higher|pe:0.0574,ie:129.533,de:-0.0093,te:-9.41448e-05|tsqe:0,sqe:0.0625883,bqe:0.0436091|p:[0.3,0.000652613,10],dp_:[0.028937,5.26127e-05,0.526127]
---------------------

TwiddleParams
Steering,uc:510000,1:Higher|pe:0.058,ie:138.932,de:-0.0135,te:0.0269311|tsqe:577.576,sqe:0.0583469,bqe:0.0436091|p:[0.3,0.000652613,10],dp_:[0.028937,5.26127e-05,0.526127]
---------------------
-------- No Improvement
After Twiddle ---------------------
Steering,uc:510000,1:Lower|pe:0.058,ie:138.932,de:-0.0135,te:0.0269311|tsqe:0,sqe:0.0583469,bqe:0.0436091|p:[0.3,0.000547387,10],dp_:[0.028937,5.26127e-05,0.526127]
---------------------

TwiddleParams
Steering,uc:520000,1:Lower|pe:-0.4444,ie:220.93,de:0,te:0.0123858|tsqe:506.986,sqe:0.0512159,bqe:0.0436091|p:[0.3,0.000547387,10],dp_:[0.028937,5.26127e-05,0.526127]
---------------------
-------- No Improvement
-------- No Improvement
After Twiddle ---------------------
Steering,uc:520000,2:Higher|pe:-0.4444,ie:220.93,de:0,te:0.0123858|tsqe:0,sqe:0.0512159,bqe:0.0436091|p:[0.3,0.0006,10.5261],dp_:[0.028937,4.73514e-05,0.526127]
---------------------

TwiddleParams
Steering,uc:530000,2:Higher|pe:-0.3615,ie:268.59,de:0,te:-0.0527039|tsqe:613.413,sqe:0.0619672,bqe:0.0436091|p:[0.3,0.0006,10.5261],dp_:[0.028937,4.73514e-05,0.526127]
---------------------
-------- No Improvement
After Twiddle ---------------------
Steering,uc:530000,2:Lower|pe:-0.3615,ie:268.59,de:0,te:-0.0527039|tsqe:0,sqe:0.0619672,bqe:0.0436091|p:[0.3,0.0006,9.47387],dp_:[0.028937,4.73514e-05,0.526127]
---------------------

TwiddleParams
Steering,uc:540000,2:Lower|pe:0.5171,ie:43.9216,de:0,te:-0.181483|tsqe:513.513,sqe:0.0518753,bqe:0.0436091|p:[0.3,0.0006,9.47387],dp_:[0.028937,4.73514e-05,0.526127]
---------------------
-------- No Improvement
-------- No Improvement
After Twiddle ---------------------
Steering,uc:540000,0:Higher|pe:0.5171,ie:43.9216,de:0,te:-0.181483|tsqe:0,sqe:0.0518753,bqe:0.0436091|p:[0.328937,0.0006,10],dp_:[0.028937,4.73514e-05,0.473514]
---------------------

TwiddleParams
Steering,uc:550000,0:Higher|pe:0.2193,ie:-96.3723,de:-0.0017,te:0.0026875|tsqe:611.008,sqe:0.0617242,bqe:0.0436091|p:[0.328937,0.0006,10],dp_:[0.028937,4.73514e-05,0.473514]
---------------------
-------- No Improvement
After Twiddle ---------------------
Steering,uc:550000,0:Lower|pe:0.2193,ie:-96.3723,de:-0.0017,te:0.0026875|tsqe:0,sqe:0.0617242,bqe:0.0436091|p:[0.271063,0.0006,10],dp_:[0.028937,4.73514e-05,0.473514]
---------------------

TwiddleParams
Steering,uc:560000,0:Lower|pe:0.1602,ie:-211.674,de:0.0086,te:-0.00242014|tsqe:642.108,sqe:0.064866,bqe:0.0436091|p:[0.271063,0.0006,10],dp_:[0.028937,4.73514e-05,0.473514]
---------------------
-------- No Improvement
-------- No Improvement
After Twiddle ---------------------
Steering,uc:560000,1:Higher|pe:0.1602,ie:-211.674,de:0.0086,te:-0.00242014|tsqe:0,sqe:0.064866,bqe:0.0436091|p:[0.3,0.000647351,10],dp_:[0.0260433,4.73514e-05,0.473514]
---------------------

TwiddleParams
Steering,uc:570000,1:Higher|pe:-0.5691,ie:59.1807,de:0,te:0.132419|tsqe:688.967,sqe:0.0695996,bqe:0.0436091|p:[0.3,0.000647351,10],dp_:[0.0260433,4.73514e-05,0.473514]
---------------------
-------- No Improvement
After Twiddle ---------------------
Steering,uc:570000,1:Lower|pe:-0.5691,ie:59.1807,de:0,te:0.132419|tsqe:0,sqe:0.0695996,bqe:0.0436091|p:[0.3,0.000552649,10],dp_:[0.0260433,4.73514e-05,0.473514]
---------------------

TwiddleParams
Steering,uc:580000,1:Lower|pe:-0.4304,ie:160.362,de:0.0061,te:-0.0205037|tsqe:550.012,sqe:0.0555623,bqe:0.0436091|p:[0.3,0.000552649,10],dp_:[0.0260433,4.73514e-05,0.473514]
---------------------
-------- No Improvement
-------- No Improvement
After Twiddle ---------------------
Steering,uc:580000,2:Higher|pe:-0.4304,ie:160.362,de:0.0061,te:-0.0205037|tsqe:0,sqe:0.0555623,bqe:0.0436091|p:[0.3,0.0006,10.4735],dp_:[0.0260433,4.26163e-05,0.473514]
---------------------

TwiddleParams
Steering,uc:590000,2:Higher|pe:-0.0512,ie:258.551,de:-0.018,te:0.0487524|tsqe:483.332,sqe:0.0488263,bqe:0.0436091|p:[0.3,0.0006,10.4735],dp_:[0.0260433,4.26163e-05,0.473514]
---------------------
-------- No Improvement
After Twiddle ---------------------
Steering,uc:590000,2:Lower|pe:-0.0512,ie:258.551,de:-0.018,te:0.0487524|tsqe:0,sqe:0.0488263,bqe:0.0436091|p:[0.3,0.0006,9.52649],dp_:[0.0260433,4.26163e-05,0.473514]
---------------------

TwiddleParams
Steering,uc:600000,2:Lower|pe:0.5589,ie:99.2177,de:0.0034,te:-0.259591|tsqe:549.043,sqe:0.0554645,bqe:0.0436091|p:[0.3,0.0006,9.52649],dp_:[0.0260433,4.26163e-05,0.473514]
---------------------
-------- No Improvement
-------- No Improvement
After Twiddle ---------------------
Steering,uc:600000,0:Higher|pe:0.5589,ie:99.2177,de:0.0034,te:-0.259591|tsqe:0,sqe:0.0554645,bqe:0.0436091|p:[0.326043,0.0006,10],dp_:[0.0260433,4.26163e-05,0.426163]
---------------------

TwiddleParams
Steering,uc:610000,0:Higher|pe:0.1017,ie:38.0311,de:0.036,te:-0.415977|tsqe:611.926,sqe:0.0618169,bqe:0.0436091|p:[0.326043,0.0006,10],dp_:[0.0260433,4.26163e-05,0.426163]
---------------------
-------- No Improvement
After Twiddle ---------------------
Steering,uc:610000,0:Lower|pe:0.1017,ie:38.0311,de:0.036,te:-0.415977|tsqe:0,sqe:0.0618169,bqe:0.0436091|p:[0.273957,0.0006,10],dp_:[0.0260433,4.26163e-05,0.426163]
---------------------

TwiddleParams
Steering,uc:620000,0:Lower|pe:-0.0637,ie:54.6706,de:0,te:-0.0153513|tsqe:551.317,sqe:0.0556942,bqe:0.0436091|p:[0.273957,0.0006,10],dp_:[0.0260433,4.26163e-05,0.426163]
---------------------
-------- No Improvement
-------- No Improvement
After Twiddle ---------------------
Steering,uc:620000,1:Higher|pe:-0.0637,ie:54.6706,de:0,te:-0.0153513|tsqe:0,sqe:0.0556942,bqe:0.0436091|p:[0.3,0.000642616,10],dp_:[0.0234389,4.26163e-05,0.426163]
---------------------

TwiddleParams
Steering,uc:630000,1:Higher|pe:-0.4098,ie:97.1872,de:0,te:0.0604859|tsqe:585.735,sqe:0.0591711,bqe:0.0436091|p:[0.3,0.000642616,10],dp_:[0.0234389,4.26163e-05,0.426163]
---------------------
-------- No Improvement
After Twiddle ---------------------
Steering,uc:630000,1:Lower|pe:-0.4098,ie:97.1872,de:0,te:0.0604859|tsqe:0,sqe:0.0591711,bqe:0.0436091|p:[0.3,0.000557384,10],dp_:[0.0234389,4.26163e-05,0.426163]
---------------------

TwiddleParams
Steering,uc:640000,1:Lower|pe:0.0521,ie:115.62,de:0.0038,te:-0.118075|tsqe:562.548,sqe:0.0568288,bqe:0.0436091|p:[0.3,0.000557384,10],dp_:[0.0234389,4.26163e-05,0.426163]
---------------------
-------- No Improvement
-------- No Improvement
After Twiddle ---------------------
Steering,uc:640000,2:Higher|pe:0.0521,ie:115.62,de:0.0038,te:-0.118075|tsqe:0,sqe:0.0568288,bqe:0.0436091|p:[0.3,0.0006,10.4262],dp_:[0.0234389,3.83546e-05,0.426163]
---------------------

TwiddleParams
Steering,uc:650000,2:Higher|pe:-0.2131,ie:160.001,de:0,te:-0.0320709|tsqe:634.846,sqe:0.0641323,bqe:0.0436091|p:[0.3,0.0006,10.4262],dp_:[0.0234389,3.83546e-05,0.426163]
---------------------
-------- No Improvement
After Twiddle ---------------------
Steering,uc:650000,2:Lower|pe:-0.2131,ie:160.001,de:0,te:-0.0320709|tsqe:0,sqe:0.0641323,bqe:0.0436091|p:[0.3,0.0006,9.57384],dp_:[0.0234389,3.83546e-05,0.426163]
---------------------

TwiddleParams
Steering,uc:660000,2:Lower|pe:0.4404,ie:136.775,de:-0.0036,te:-0.179719|tsqe:579.063,sqe:0.0584972,bqe:0.0436091|p:[0.3,0.0006,9.57384],dp_:[0.0234389,3.83546e-05,0.426163]
---------------------
-------- No Improvement
-------- No Improvement
After Twiddle ---------------------
Steering,uc:660000,0:Higher|pe:0.4404,ie:136.775,de:-0.0036,te:-0.179719|tsqe:0,sqe:0.0584972,bqe:0.0436091|p:[0.323439,0.0006,10],dp_:[0.0234389,3.83546e-05,0.383546]
---------------------

TwiddleParams
Steering,uc:670000,0:Higher|pe:-0.0733,ie:66.9306,de:0,te:-0.0164503|tsqe:612.731,sqe:0.0618983,bqe:0.0436091|p:[0.323439,0.0006,10],dp_:[0.0234389,3.83546e-05,0.383546]
---------------------
-------- No Improvement
After Twiddle ---------------------
Steering,uc:670000,0:Lower|pe:-0.0733,ie:66.9306,de:0,te:-0.0164503|tsqe:0,sqe:0.0618983,bqe:0.0436091|p:[0.276561,0.0006,10],dp_:[0.0234389,3.83546e-05,0.383546]
---------------------

TwiddleParams
Steering,uc:680000,0:Lower|pe:0.0112,ie:75.9953,de:0,te:-0.0486947|tsqe:568.007,sqe:0.0573803,bqe:0.0436091|p:[0.276561,0.0006,10],dp_:[0.0234389,3.83546e-05,0.383546]
---------------------
-------- No Improvement
-------- No Improvement
After Twiddle ---------------------
Steering,uc:680000,1:Higher|pe:0.0112,ie:75.9953,de:0,te:-0.0486947|tsqe:0,sqe:0.0573803,bqe:0.0436091|p:[0.3,0.000638355,10],dp_:[0.021095,3.83546e-05,0.383546]
---------------------

TwiddleParams
Steering,uc:690000,1:Higher|pe:0.0181,ie:52.9848,de:0.0384,te:-0.423253|tsqe:598.64,sqe:0.0604748,bqe:0.0436091|p:[0.3,0.000638355,10],dp_:[0.021095,3.83546e-05,0.383546]
---------------------
-------- No Improvement
After Twiddle ---------------------
Steering,uc:690000,1:Lower|pe:0.0181,ie:52.9848,de:0.0384,te:-0.423253|tsqe:0,sqe:0.0604748,bqe:0.0436091|p:[0.3,0.000561645,10],dp_:[0.021095,3.83546e-05,0.383546]
---------------------

TwiddleParams
Steering,uc:700000,1:Lower|pe:-0.0167,ie:61.7847,de:0,te:-0.0296911|tsqe:631.889,sqe:0.0638336,bqe:0.0436091|p:[0.3,0.000561645,10],dp_:[0.021095,3.83546e-05,0.383546]
---------------------
-------- No Improvement
-------- No Improvement
After Twiddle ---------------------
Steering,uc:700000,2:Higher|pe:-0.0167,ie:61.7847,de:0,te:-0.0296911|tsqe:0,sqe:0.0638336,bqe:0.0436091|p:[0.3,0.0006,10.3835],dp_:[0.021095,3.45192e-05,0.383546]
---------------------

TwiddleParams
Steering,uc:710000,2:Higher|pe:0.039,ie:53.1166,de:0,te:-0.04357|tsqe:626.664,sqe:0.0633058,bqe:0.0436091|p:[0.3,0.0006,10.3835],dp_:[0.021095,3.45192e-05,0.383546]
---------------------
-------- No Improvement
After Twiddle ---------------------
Steering,uc:710000,2:Lower|pe:0.039,ie:53.1166,de:0,te:-0.04357|tsqe:0,sqe:0.0633058,bqe:0.0436091|p:[0.3,0.0006,9.61645],dp_:[0.021095,3.45192e-05,0.383546]
---------------------

TwiddleParams
Steering,uc:720000,2:Lower|pe:-0.1796,ie:60.7771,de:0,te:0.0174137|tsqe:585.915,sqe:0.0591893,bqe:0.0436091|p:[0.3,0.0006,9.61645],dp_:[0.021095,3.45192e-05,0.383546]
---------------------
-------- No Improvement
-------- No Improvement
After Twiddle ---------------------
Steering,uc:720000,0:Higher|pe:-0.1796,ie:60.7771,de:0,te:0.0174137|tsqe:0,sqe:0.0591893,bqe:0.0436091|p:[0.321095,0.0006,10],dp_:[0.021095,3.45192e-05,0.345192]
---------------------

TwiddleParams
Steering,uc:730000,0:Higher|pe:-0.0755,ie:86.5765,de:0.0173,te:-0.200703|tsqe:578.742,sqe:0.0584647,bqe:0.0436091|p:[0.321095,0.0006,10],dp_:[0.021095,3.45192e-05,0.345192]
---------------------
-------- No Improvement
After Twiddle ---------------------
Steering,uc:730000,0:Lower|pe:-0.0755,ie:86.5765,de:0.0173,te:-0.200703|tsqe:0,sqe:0.0584647,bqe:0.0436091|p:[0.278905,0.0006,10],dp_:[0.021095,3.45192e-05,0.345192]
---------------------

TwiddleParams
Steering,uc:740000,0:Lower|pe:-0.0793,ie:130.003,de:0,te:-0.0558844|tsqe:623.15,sqe:0.0629508,bqe:0.0436091|p:[0.278905,0.0006,10],dp_:[0.021095,3.45192e-05,0.345192]
---------------------
-------- No Improvement
-------- No Improvement
After Twiddle ---------------------
Steering,uc:740000,1:Higher|pe:-0.0793,ie:130.003,de:0,te:-0.0558844|tsqe:0,sqe:0.0629508,bqe:0.0436091|p:[0.3,0.000634519,10],dp_:[0.0189855,3.45192e-05,0.345192]
---------------------

TwiddleParams
Steering,uc:750000,1:Higher|pe:-0.1906,ie:145.911,de:0,te:-0.0354033|tsqe:616.389,sqe:0.0622678,bqe:0.0436091|p:[0.3,0.000634519,10],dp_:[0.0189855,3.45192e-05,0.345192]
---------------------
-------- No Improvement
After Twiddle ---------------------
Steering,uc:750000,1:Lower|pe:-0.1906,ie:145.911,de:0,te:-0.0354033|tsqe:0,sqe:0.0622678,bqe:0.0436091|p:[0.3,0.000565481,10],dp_:[0.0189855,3.45192e-05,0.345192]
---------------------

TwiddleParams
Steering,uc:760000,1:Lower|pe:0.0319,ie:220.792,de:0,te:-0.134424|tsqe:533.354,sqe:0.0538796,bqe:0.0436091|p:[0.3,0.000565481,10],dp_:[0.0189855,3.45192e-05,0.345192]
---------------------
-------- No Improvement
-------- No Improvement
After Twiddle ---------------------
Steering,uc:760000,2:Higher|pe:0.0319,ie:220.792,de:0,te:-0.134424|tsqe:0,sqe:0.0538796,bqe:0.0436091|p:[0.3,0.0006,10.3452],dp_:[0.0189855,3.10672e-05,0.345192]
---------------------

TwiddleParams
Steering,uc:770000,2:Higher|pe:-0.5403,ie:216.488,de:-0.0083,te:0.118062|tsqe:570.988,sqe:0.0576814,bqe:0.0436091|p:[0.3,0.0006,10.3452],dp_:[0.0189855,3.10672e-05,0.345192]
---------------------
-------- No Improvement
After Twiddle ---------------------
Steering,uc:770000,2:Lower|pe:-0.5403,ie:216.488,de:-0.0083,te:0.118062|tsqe:0,sqe:0.0576814,bqe:0.0436091|p:[0.3,0.0006,9.65481],dp_:[0.0189855,3.10672e-05,0.345192]
---------------------

TwiddleParams
Steering,uc:780000,2:Lower|pe:1.0006,ie:231.469,de:0,te:-0.439061|tsqe:512.088,sqe:0.0517313,bqe:0.0436091|p:[0.3,0.0006,9.65481],dp_:[0.0189855,3.10672e-05,0.345192]
---------------------
-------- No Improvement
-------- No Improvement
After Twiddle ---------------------
Steering,uc:780000,0:Higher|pe:1.0006,ie:231.469,de:0,te:-0.439061|tsqe:0,sqe:0.0517313,bqe:0.0436091|p:[0.318986,0.0006,10],dp_:[0.0189855,3.10672e-05,0.310672]
---------------------

TwiddleParams
Steering,uc:790000,0:Higher|pe:0.0675,ie:-30.1104,de:0,te:-0.00346528|tsqe:527.48,sqe:0.0532862,bqe:0.0436091|p:[0.318986,0.0006,10],dp_:[0.0189855,3.10672e-05,0.310672]
---------------------
-------- No Improvement
After Twiddle ---------------------
Steering,uc:790000,0:Lower|pe:0.0675,ie:-30.1104,de:0,te:-0.00346528|tsqe:0,sqe:0.0532862,bqe:0.0436091|p:[0.281014,0.0006,10],dp_:[0.0189855,3.10672e-05,0.310672]
---------------------

TwiddleParams
Steering,uc:800000,0:Lower|pe:0.2448,ie:-175.95,de:-0.0059,te:0.0957777|tsqe:646.848,sqe:0.0653447,bqe:0.0436091|p:[0.281014,0.0006,10],dp_:[0.0189855,3.10672e-05,0.310672]
---------------------
-------- No Improvement
-------- No Improvement
After Twiddle ---------------------
Steering,uc:800000,1:Higher|pe:0.2448,ie:-175.95,de:-0.0059,te:0.0957777|tsqe:0,sqe:0.0653447,bqe:0.0436091|p:[0.3,0.000631067,10],dp_:[0.017087,3.10672e-05,0.310672]
---------------------

TwiddleParams
Steering,uc:810000,1:Higher|pe:-0.1845,ie:91.7846,de:0,te:-0.00257226|tsqe:536.614,sqe:0.0542089,bqe:0.0436091|p:[0.3,0.000631067,10],dp_:[0.017087,3.10672e-05,0.310672]
---------------------
-------- No Improvement
After Twiddle ---------------------
Steering,uc:810000,1:Lower|pe:-0.1845,ie:91.7846,de:0,te:-0.00257226|tsqe:0,sqe:0.0542089,bqe:0.0436091|p:[0.3,0.000568933,10],dp_:[0.017087,3.10672e-05,0.310672]
---------------------

TwiddleParams
Steering,uc:820000,1:Lower|pe:-0.2123,ie:209.934,de:0,te:-0.0557486|tsqe:629.089,sqe:0.0635507,bqe:0.0436091|p:[0.3,0.000568933,10],dp_:[0.017087,3.10672e-05,0.310672]
---------------------
-------- No Improvement
-------- No Improvement
After Twiddle ---------------------
Steering,uc:820000,2:Higher|pe:-0.2123,ie:209.934,de:0,te:-0.0557486|tsqe:0,sqe:0.0635507,bqe:0.0436091|p:[0.3,0.0006,10.3107],dp_:[0.017087,2.79605e-05,0.310672]
---------------------

TwiddleParams
Steering,uc:830000,2:Higher|pe:0.1753,ie:238.29,de:0.0098,te:-0.296609|tsqe:420.918,sqe:0.0425213,bqe:0.0436091|p:[0.3,0.0006,10.3107],dp_:[0.017087,2.79605e-05,0.310672]
---------------------
+++++ :Improvement of 0.0010878
-------- No Improvement
After Twiddle ---------------------
Steering,uc:830000,0:Higher|pe:0.1753,ie:238.29,de:0.0098,te:-0.296609|tsqe:0,sqe:0.0425213,bqe:0.0425213|p:[0.317087,0.0006,10.3107],dp_:[0.017087,2.79605e-05,0.34174]
---------------------

TwiddleParams
Steering,uc:840000,0:Higher|pe:0.0907,ie:79.3197,de:0.0011,te:-0.0876933|tsqe:564.393,sqe:0.0570152,bqe:0.0425213|p:[0.317087,0.0006,10.3107],dp_:[0.017087,2.79605e-05,0.34174]
---------------------
-------- No Improvement
After Twiddle ---------------------
Steering,uc:840000,0:Lower|pe:0.0907,ie:79.3197,de:0.0011,te:-0.0876933|tsqe:0,sqe:0.0570152,bqe:0.0425213|p:[0.282913,0.0006,10.3107],dp_:[0.017087,2.79605e-05,0.34174]
---------------------

TwiddleParams
Steering,uc:850000,0:Lower|pe:0.7523,ie:61.2519,de:0,te:-0.249587|tsqe:603.563,sqe:0.0609722,bqe:0.0425213|p:[0.282913,0.0006,10.3107],dp_:[0.017087,2.79605e-05,0.34174]
---------------------
-------- No Improvement
-------- No Improvement
After Twiddle ---------------------
Steering,uc:850000,1:Higher|pe:0.7523,ie:61.2519,de:0,te:-0.249587|tsqe:0,sqe:0.0609722,bqe:0.0425213|p:[0.3,0.000627961,10.3107],dp_:[0.0153783,2.79605e-05,0.34174]
---------------------

TwiddleParams
Steering,uc:860000,1:Higher|pe:-0.225,ie:116.039,de:0,te:-0.00536823|tsqe:659.527,sqe:0.0666256,bqe:0.0425213|p:[0.3,0.000627961,10.3107],dp_:[0.0153783,2.79605e-05,0.34174]
---------------------
-------- No Improvement
After Twiddle ---------------------
Steering,uc:860000,1:Lower|pe:-0.225,ie:116.039,de:0,te:-0.00536823|tsqe:0,sqe:0.0666256,bqe:0.0425213|p:[0.3,0.000572039,10.3107],dp_:[0.0153783,2.79605e-05,0.34174]
---------------------

TwiddleParams
Steering,uc:870000,1:Lower|pe:-0.0498,ie:113.82,de:0,te:-0.0501693|tsqe:562.022,sqe:0.0567757,bqe:0.0425213|p:[0.3,0.000572039,10.3107],dp_:[0.0153783,2.79605e-05,0.34174]
---------------------
-------- No Improvement
-------- No Improvement
After Twiddle ---------------------
Steering,uc:870000,2:Higher|pe:-0.0498,ie:113.82,de:0,te:-0.0501693|tsqe:0,sqe:0.0567757,bqe:0.0425213|p:[0.3,0.0006,10.6524],dp_:[0.0153783,2.51645e-05,0.34174]
---------------------

TwiddleParams
Steering,uc:880000,2:Higher|pe:-0.131,ie:135.473,de:0,te:-0.0419838|tsqe:625.281,sqe:0.0631661,bqe:0.0425213|p:[0.3,0.0006,10.6524],dp_:[0.0153783,2.51645e-05,0.34174]
---------------------
-------- No Improvement
After Twiddle ---------------------
Steering,uc:880000,2:Lower|pe:-0.131,ie:135.473,de:0,te:-0.0419838|tsqe:0,sqe:0.0631661,bqe:0.0425213|p:[0.3,0.0006,9.96893],dp_:[0.0153783,2.51645e-05,0.34174]
---------------------

TwiddleParams
Steering,uc:890000,2:Lower|pe:-0.1472,ie:166.402,de:-0.0044,te:-0.0118178|tsqe:582.849,sqe:0.0588796,bqe:0.0425213|p:[0.3,0.0006,9.96893],dp_:[0.0153783,2.51645e-05,0.34174]
---------------------
-------- No Improvement
-------- No Improvement
After Twiddle ---------------------
Steering,uc:890000,0:Higher|pe:-0.1472,ie:166.402,de:-0.0044,te:-0.0118178|tsqe:0,sqe:0.0588796,bqe:0.0425213|p:[0.315378,0.0006,10.3107],dp_:[0.0153783,2.51645e-05,0.307566]
---------------------

TwiddleParams
Steering,uc:900000,0:Higher|pe:0.5558,ie:149.003,de:-0.0159,te:-0.100749|tsqe:587.286,sqe:0.0593278,bqe:0.0425213|p:[0.315378,0.0006,10.3107],dp_:[0.0153783,2.51645e-05,0.307566]
---------------------
-------- No Improvement
After Twiddle ---------------------
Steering,uc:900000,0:Lower|pe:0.5558,ie:149.003,de:-0.0159,te:-0.100749|tsqe:0,sqe:0.0593278,bqe:0.0425213|p:[0.284622,0.0006,10.3107],dp_:[0.0153783,2.51645e-05,0.307566]
---------------------

TwiddleParams
Steering,uc:910000,0:Lower|pe:0.2446,ie:82.2154,de:0.0007,te:-0.126165|tsqe:585.727,sqe:0.0591703,bqe:0.0425213|p:[0.284622,0.0006,10.3107],dp_:[0.0153783,2.51645e-05,0.307566]
---------------------
-------- No Improvement
-------- No Improvement
After Twiddle ---------------------
Steering,uc:910000,1:Higher|pe:0.2446,ie:82.2154,de:0.0007,te:-0.126165|tsqe:0,sqe:0.0591703,bqe:0.0425213|p:[0.3,0.000625164,10.3107],dp_:[0.0138405,2.51645e-05,0.307566]
---------------------

TwiddleParams
Steering,uc:920000,1:Higher|pe:0.2181,ie:58.0429,de:0,te:-0.101716|tsqe:653.117,sqe:0.0659781,bqe:0.0425213|p:[0.3,0.000625164,10.3107],dp_:[0.0138405,2.51645e-05,0.307566]
---------------------
-------- No Improvement
After Twiddle ---------------------
Steering,uc:920000,1:Lower|pe:0.2181,ie:58.0429,de:0,te:-0.101716|tsqe:0,sqe:0.0659781,bqe:0.0425213|p:[0.3,0.000574836,10.3107],dp_:[0.0138405,2.51645e-05,0.307566]
---------------------

TwiddleParams
Steering,uc:930000,1:Lower|pe:0.0243,ie:67.7272,de:-0.0084,te:0.0403876|tsqe:595.063,sqe:0.0601134,bqe:0.0425213|p:[0.3,0.000574836,10.3107],dp_:[0.0138405,2.51645e-05,0.307566]
---------------------
-------- No Improvement
-------- No Improvement
After Twiddle ---------------------
Steering,uc:930000,2:Higher|pe:0.0243,ie:67.7272,de:-0.0084,te:0.0403876|tsqe:0,sqe:0.0601134,bqe:0.0425213|p:[0.3,0.0006,10.6182],dp_:[0.0138405,2.2648e-05,0.307566]
---------------------

TwiddleParams
Steering,uc:940000,2:Higher|pe:-0.0853,ie:56.2923,de:0,te:-0.00818538|tsqe:714.443,sqe:0.0721733,bqe:0.0425213|p:[0.3,0.0006,10.6182],dp_:[0.0138405,2.2648e-05,0.307566]
---------------------
-------- No Improvement
After Twiddle ---------------------
Steering,uc:940000,2:Lower|pe:-0.0853,ie:56.2923,de:0,te:-0.00818538|tsqe:0,sqe:0.0721733,bqe:0.0425213|p:[0.3,0.0006,10.0031],dp_:[0.0138405,2.2648e-05,0.307566]
---------------------

TwiddleParams
Steering,uc:950000,2:Lower|pe:-0.102,ie:55.2976,de:0,te:-0.00257856|tsqe:580.963,sqe:0.0586891,bqe:0.0425213|p:[0.3,0.0006,10.0031],dp_:[0.0138405,2.2648e-05,0.307566]
---------------------
-------- No Improvement
-------- No Improvement
After Twiddle ---------------------
Steering,uc:950000,0:Higher|pe:-0.102,ie:55.2976,de:0,te:-0.00257856|tsqe:0,sqe:0.0586891,bqe:0.0425213|p:[0.31384,0.0006,10.3107],dp_:[0.0138405,2.2648e-05,0.276809]
---------------------

TwiddleParams
Steering,uc:960000,0:Higher|pe:-0.0944,ie:79.1347,de:0,te:-0.0178543|tsqe:579.269,sqe:0.058518,bqe:0.0425213|p:[0.31384,0.0006,10.3107],dp_:[0.0138405,2.2648e-05,0.276809]
---------------------
-------- No Improvement
After Twiddle ---------------------
Steering,uc:960000,0:Lower|pe:-0.0944,ie:79.1347,de:0,te:-0.0178543|tsqe:0,sqe:0.058518,bqe:0.0425213|p:[0.28616,0.0006,10.3107],dp_:[0.0138405,2.2648e-05,0.276809]
---------------------

TwiddleParams
Steering,uc:970000,0:Lower|pe:-0.1302,ie:113.078,de:0,te:-0.030589|tsqe:526.957,sqe:0.0532333,bqe:0.0425213|p:[0.28616,0.0006,10.3107],dp_:[0.0138405,2.2648e-05,0.276809]
---------------------
-------- No Improvement
-------- No Improvement
After Twiddle ---------------------
Steering,uc:970000,1:Higher|pe:-0.1302,ie:113.078,de:0,te:-0.030589|tsqe:0,sqe:0.0532333,bqe:0.0425213|p:[0.3,0.000622648,10.3107],dp_:[0.0124564,2.2648e-05,0.276809]
---------------------

TwiddleParams
Steering,uc:980000,1:Higher|pe:-0.1957,ie:139.322,de:-0.0096,te:0.0709439|tsqe:579.845,sqe:0.0585762,bqe:0.0425213|p:[0.3,0.000622648,10.3107],dp_:[0.0124564,2.2648e-05,0.276809]
---------------------
-------- No Improvement
After Twiddle ---------------------
Steering,uc:980000,1:Lower|pe:-0.1957,ie:139.322,de:-0.0096,te:0.0709439|tsqe:0,sqe:0.0585762,bqe:0.0425213|p:[0.3,0.000577352,10.3107],dp_:[0.0124564,2.2648e-05,0.276809]
---------------------

TwiddleParams
Steering,uc:990000,1:Lower|pe:-0.2292,ie:200.038,de:0,te:-0.0467323|tsqe:538.049,sqe:0.0543539,bqe:0.0425213|p:[0.3,0.000577352,10.3107],dp_:[0.0124564,2.2648e-05,0.276809]
---------------------
-------- No Improvement
-------- No Improvement
After Twiddle ---------------------
Steering,uc:990000,2:Higher|pe:-0.2292,ie:200.038,de:0,te:-0.0467323|tsqe:0,sqe:0.0543539,bqe:0.0425213|p:[0.3,0.0006,10.5875],dp_:[0.0124564,2.03832e-05,0.276809]
---------------------

TwiddleParams
Steering,uc:1000000,2:Higher|pe:0.0893,ie:254.424,de:0,te:-0.179444|tsqe:576.566,sqe:0.0582449,bqe:0.0425213|p:[0.3,0.0006,10.5875],dp_:[0.0124564,2.03832e-05,0.276809]
---------------------
-------- No Improvement
After Twiddle ---------------------
Steering,uc:1000000,2:Lower|pe:0.0893,ie:254.424,de:0,te:-0.179444|tsqe:0,sqe:0.0582449,bqe:0.0425213|p:[0.3,0.0006,10.0339],dp_:[0.0124564,2.03832e-05,0.276809]
---------------------

TwiddleParams
Steering,uc:1010000,2:Lower|pe:0.5116,ie:74.2662,de:0.1108,te:-1.30979|tsqe:452.7,sqe:0.0457319,bqe:0.0425213|p:[0.3,0.0006,10.0339],dp_:[0.0124564,2.03832e-05,0.276809]
---------------------
-------- No Improvement
-------- No Improvement
After Twiddle ---------------------
Steering,uc:1010000,0:Higher|pe:0.5116,ie:74.2662,de:0.1108,te:-1.30979|tsqe:0,sqe:0.0457319,bqe:0.0425213|p:[0.312456,0.0006,10.3107],dp_:[0.0124564,2.03832e-05,0.249128]
---------------------

TwiddleParams
Steering,uc:1020000,0:Higher|pe:0.1057,ie:-35.5666,de:0,te:-0.0116867|tsqe:576.728,sqe:0.0582613,bqe:0.0425213|p:[0.312456,0.0006,10.3107],dp_:[0.0124564,2.03832e-05,0.249128]
---------------------
-------- No Improvement
After Twiddle ---------------------
Steering,uc:1020000,0:Lower|pe:0.1057,ie:-35.5666,de:0,te:-0.0116867|tsqe:0,sqe:0.0582613,bqe:0.0425213|p:[0.287544,0.0006,10.3107],dp_:[0.0124564,2.03832e-05,0.249128]
---------------------

TwiddleParams
Steering,uc:1030000,0:Lower|pe:0.2579,ie:-159.487,de:0.0059,te:-0.0392981|tsqe:673.483,sqe:0.0680354,bqe:0.0425213|p:[0.287544,0.0006,10.3107],dp_:[0.0124564,2.03832e-05,0.249128]
---------------------
-------- No Improvement
-------- No Improvement
After Twiddle ---------------------
Steering,uc:1030000,1:Higher|pe:0.2579,ie:-159.487,de:0.0059,te:-0.0392981|tsqe:0,sqe:0.0680354,bqe:0.0425213|p:[0.3,0.000620383,10.3107],dp_:[0.0112108,2.03832e-05,0.249128]
---------------------

TwiddleParams
Steering,uc:1040000,1:Higher|pe:-0.7749,ie:-39.639,de:0,te:0.257061|tsqe:621.698,sqe:0.0628041,bqe:0.0425213|p:[0.3,0.000620383,10.3107],dp_:[0.0112108,2.03832e-05,0.249128]
---------------------
-------- No Improvement
After Twiddle ---------------------
Steering,uc:1040000,1:Lower|pe:-0.7749,ie:-39.639,de:0,te:0.257061|tsqe:0,sqe:0.0628041,bqe:0.0425213|p:[0.3,0.000579617,10.3107],dp_:[0.0112108,2.03832e-05,0.249128]
---------------------

TwiddleParams
Steering,uc:1050000,1:Lower|pe:-0.1212,ie:131.242,de:0,te:-0.0397098|tsqe:646.253,sqe:0.0652846,bqe:0.0425213|p:[0.3,0.000579617,10.3107],dp_:[0.0112108,2.03832e-05,0.249128]
---------------------
-------- No Improvement
-------- No Improvement
After Twiddle ---------------------
Steering,uc:1050000,2:Higher|pe:-0.1212,ie:131.242,de:0,te:-0.0397098|tsqe:0,sqe:0.0652846,bqe:0.0425213|p:[0.3,0.0006,10.5598],dp_:[0.0112108,1.83449e-05,0.249128]
---------------------

TwiddleParams
Steering,uc:1060000,2:Higher|pe:-0.2944,ie:237.428,de:0,te:-0.0541371|tsqe:489.817,sqe:0.0494815,bqe:0.0425213|p:[0.3,0.0006,10.5598],dp_:[0.0112108,1.83449e-05,0.249128]
---------------------
-------- No Improvement
After Twiddle ---------------------
Steering,uc:1060000,2:Lower|pe:-0.2944,ie:237.428,de:0,te:-0.0541371|tsqe:0,sqe:0.0494815,bqe:0.0425213|p:[0.3,0.0006,10.0615],dp_:[0.0112108,1.83449e-05,0.249128]
---------------------

TwiddleParams
Steering,uc:1070000,2:Lower|pe:0.1477,ie:63.1726,de:0,te:-0.0822136|tsqe:420.389,sqe:0.0424678,bqe:0.0425213|p:[0.3,0.0006,10.0615],dp_:[0.0112108,1.83449e-05,0.249128]
---------------------
+++++ :Improvement of 5.35132e-05
-------- No Improvement
After Twiddle ---------------------
Steering,uc:1070000,0:Higher|pe:0.1477,ie:63.1726,de:0,te:-0.0822136|tsqe:0,sqe:0.0424678,bqe:0.0424678|p:[0.311211,0.0006,10.0615],dp_:[0.0112108,1.83449e-05,0.274041]
---------------------

TwiddleParams
Steering,uc:1080000,0:Higher|pe:-0.0712,ie:62.2873,de:-0.002,te:0.00490892|tsqe:559.121,sqe:0.0564826,bqe:0.0424678|p:[0.311211,0.0006,10.0615],dp_:[0.0112108,1.83449e-05,0.274041]
---------------------
-------- No Improvement
After Twiddle ---------------------
Steering,uc:1080000,0:Lower|pe:-0.0712,ie:62.2873,de:-0.002,te:0.00490892|tsqe:0,sqe:0.0564826,bqe:0.0424678|p:[0.288789,0.0006,10.0615],dp_:[0.0112108,1.83449e-05,0.274041]
---------------------

TwiddleParams
Steering,uc:1090000,0:Lower|pe:-0.0753,ie:63.5111,de:0,te:-0.0163608|tsqe:579.357,sqe:0.0585268,bqe:0.0424678|p:[0.288789,0.0006,10.0615],dp_:[0.0112108,1.83449e-05,0.274041]
---------------------
-------- No Improvement
-------- No Improvement
After Twiddle ---------------------
Steering,uc:1090000,1:Higher|pe:-0.0753,ie:63.5111,de:0,te:-0.0163608|tsqe:0,sqe:0.0585268,bqe:0.0424678|p:[0.3,0.000618345,10.0615],dp_:[0.0100897,1.83449e-05,0.274041]
---------------------

TwiddleParams
Steering,uc:1100000,1:Higher|pe:-0.2765,ie:131.555,de:-0.0118,te:0.12033|tsqe:593.451,sqe:0.0599506,bqe:0.0424678|p:[0.3,0.000618345,10.0615],dp_:[0.0100897,1.83449e-05,0.274041]
---------------------
-------- No Improvement
After Twiddle ---------------------
Steering,uc:1100000,1:Lower|pe:-0.2765,ie:131.555,de:-0.0118,te:0.12033|tsqe:0,sqe:0.0599506,bqe:0.0424678|p:[0.3,0.000581655,10.0615],dp_:[0.0100897,1.83449e-05,0.274041]
---------------------

TwiddleParams
Steering,uc:1110000,1:Lower|pe:0.0525,ie:111.451,de:0,te:-0.080576|tsqe:584.114,sqe:0.0590073,bqe:0.0424678|p:[0.3,0.000581655,10.0615],dp_:[0.0100897,1.83449e-05,0.274041]
---------------------
-------- No Improvement
-------- No Improvement
After Twiddle ---------------------
Steering,uc:1110000,2:Higher|pe:0.0525,ie:111.451,de:0,te:-0.080576|tsqe:0,sqe:0.0590073,bqe:0.0424678|p:[0.3,0.0006,10.3356],dp_:[0.0100897,1.65104e-05,0.274041]
---------------------

TwiddleParams
Steering,uc:1120000,2:Higher|pe:-0.1045,ie:138.092,de:0,te:-0.051505|tsqe:590.554,sqe:0.0596579,bqe:0.0424678|p:[0.3,0.0006,10.3356],dp_:[0.0100897,1.65104e-05,0.274041]
---------------------
-------- No Improvement
After Twiddle ---------------------
Steering,uc:1120000,2:Lower|pe:-0.1045,ie:138.092,de:0,te:-0.051505|tsqe:0,sqe:0.0596579,bqe:0.0424678|p:[0.3,0.0006,9.7875],dp_:[0.0100897,1.65104e-05,0.274041]
---------------------

TwiddleParams
Steering,uc:1130000,2:Lower|pe:0.0664,ie:177.391,de:0,te:-0.126354|tsqe:611.899,sqe:0.0618142,bqe:0.0424678|p:[0.3,0.0006,9.7875],dp_:[0.0100897,1.65104e-05,0.274041]
---------------------
-------- No Improvement
-------- No Improvement
After Twiddle ---------------------
Steering,uc:1130000,0:Higher|pe:0.0664,ie:177.391,de:0,te:-0.126354|tsqe:0,sqe:0.0618142,bqe:0.0424678|p:[0.31009,0.0006,10.0615],dp_:[0.0100897,1.65104e-05,0.246637]
---------------------

TwiddleParams
Steering,uc:1140000,0:Higher|pe:-0.083,ie:109.065,de:0,te:-0.0397014|tsqe:561.099,sqe:0.0566824,bqe:0.0424678|p:[0.31009,0.0006,10.0615],dp_:[0.0100897,1.65104e-05,0.246637]
---------------------
-------- No Improvement
After Twiddle ---------------------
Steering,uc:1140000,0:Lower|pe:-0.083,ie:109.065,de:0,te:-0.0397014|tsqe:0,sqe:0.0566824,bqe:0.0424678|p:[0.28991,0.0006,10.0615],dp_:[0.0100897,1.65104e-05,0.246637]
---------------------

TwiddleParams
Steering,uc:1150000,0:Lower|pe:-0.0106,ie:75.6141,de:-0.0116,te:0.0744185|tsqe:675.471,sqe:0.0682363,bqe:0.0424678|p:[0.28991,0.0006,10.0615],dp_:[0.0100897,1.65104e-05,0.246637]
---------------------
-------- No Improvement
-------- No Improvement
After Twiddle ---------------------
Steering,uc:1150000,1:Higher|pe:-0.0106,ie:75.6141,de:-0.0116,te:0.0744185|tsqe:0,sqe:0.0682363,bqe:0.0424678|p:[0.3,0.00061651,10.0615],dp_:[0.00908073,1.65104e-05,0.246637]
---------------------

TwiddleParams
Steering,uc:1160000,1:Higher|pe:0.1497,ie:60.8905,de:0,te:-0.0824496|tsqe:546.031,sqe:0.0551602,bqe:0.0424678|p:[0.3,0.00061651,10.0615],dp_:[0.00908073,1.65104e-05,0.246637]
---------------------
-------- No Improvement
After Twiddle ---------------------
Steering,uc:1160000,1:Lower|pe:0.1497,ie:60.8905,de:0,te:-0.0824496|tsqe:0,sqe:0.0551602,bqe:0.0424678|p:[0.3,0.00058349,10.0615],dp_:[0.00908073,1.65104e-05,0.246637]
---------------------

TwiddleParams
Steering,uc:1170000,1:Lower|pe:0.0581,ie:57.2949,de:0,te:-0.050861|tsqe:576.431,sqe:0.0582313,bqe:0.0424678|p:[0.3,0.00058349,10.0615],dp_:[0.00908073,1.65104e-05,0.246637]
---------------------
-------- No Improvement
-------- No Improvement
After Twiddle ---------------------
Steering,uc:1170000,2:Higher|pe:0.0581,ie:57.2949,de:0,te:-0.050861|tsqe:0,sqe:0.0582313,bqe:0.0424678|p:[0.3,0.0006,10.3082],dp_:[0.00908073,1.48594e-05,0.246637]
---------------------

TwiddleParams
Steering,uc:1180000,2:Higher|pe:-0.0869,ie:57.7242,de:0,te:-0.00856452|tsqe:514.698,sqe:0.051995,bqe:0.0424678|p:[0.3,0.0006,10.3082],dp_:[0.00908073,1.48594e-05,0.246637]
---------------------
-------- No Improvement
After Twiddle ---------------------
Steering,uc:1180000,2:Lower|pe:-0.0869,ie:57.7242,de:0,te:-0.00856452|tsqe:0,sqe:0.051995,bqe:0.0424678|p:[0.3,0.0006,9.81491],dp_:[0.00908073,1.48594e-05,0.246637]
---------------------

TwiddleParams
Steering,uc:1190000,2:Lower|pe:-0.2051,ie:73.419,de:0,te:0.0174786|tsqe:637.694,sqe:0.06442,bqe:0.0424678|p:[0.3,0.0006,9.81491],dp_:[0.00908073,1.48594e-05,0.246637]
---------------------
-------- No Improvement
-------- No Improvement
After Twiddle ---------------------
Steering,uc:1190000,0:Higher|pe:-0.2051,ie:73.419,de:0,te:0.0174786|tsqe:0,sqe:0.06442,bqe:0.0424678|p:[0.309081,0.0006,10.0615],dp_:[0.00908073,1.48594e-05,0.221973]
---------------------

TwiddleParams
Steering,uc:1200000,0:Higher|pe:0.057,ie:93.3965,de:0,te:-0.0736555|tsqe:693.769,sqe:0.0700848,bqe:0.0424678|p:[0.309081,0.0006,10.0615],dp_:[0.00908073,1.48594e-05,0.221973]
---------------------
-------- No Improvement
After Twiddle ---------------------
Steering,uc:1200000,0:Lower|pe:0.057,ie:93.3965,de:0,te:-0.0736555|tsqe:0,sqe:0.0700848,bqe:0.0424678|p:[0.290919,0.0006,10.0615],dp_:[0.00908073,1.48594e-05,0.221973]
---------------------

TwiddleParams
Steering,uc:1210000,0:Lower|pe:0.0641,ie:124.537,de:0,te:-0.0933702|tsqe:657.734,sqe:0.0664445,bqe:0.0424678|p:[0.290919,0.0006,10.0615],dp_:[0.00908073,1.48594e-05,0.221973]
---------------------
-------- No Improvement
-------- No Improvement
After Twiddle ---------------------
Steering,uc:1210000,1:Higher|pe:0.0641,ie:124.537,de:0,te:-0.0933702|tsqe:0,sqe:0.0664445,bqe:0.0424678|p:[0.3,0.000614859,10.0615],dp_:[0.00817265,1.48594e-05,0.221973]
---------------------

TwiddleParams
Steering,uc:1220000,1:Higher|pe:-0.1099,ie:153.754,de:0,te:-0.0615669|tsqe:597.709,sqe:0.0603807,bqe:0.0424678|p:[0.3,0.000614859,10.0615],dp_:[0.00817265,1.48594e-05,0.221973]
---------------------
-------- No Improvement
After Twiddle ---------------------
Steering,uc:1220000,1:Lower|pe:-0.1099,ie:153.754,de:0,te:-0.0615669|tsqe:0,sqe:0.0603807,bqe:0.0424678|p:[0.3,0.000585141,10.0615],dp_:[0.00817265,1.48594e-05,0.221973]
---------------------

TwiddleParams
Steering,uc:1230000,1:Lower|pe:-0.3304,ie:214.07,de:0,te:-0.0261411|tsqe:557.399,sqe:0.0563086,bqe:0.0424678|p:[0.3,0.000585141,10.0615],dp_:[0.00817265,1.48594e-05,0.221973]
---------------------
-------- No Improvement
-------- No Improvement
After Twiddle ---------------------
Steering,uc:1230000,2:Higher|pe:-0.3304,ie:214.07,de:0,te:-0.0261411|tsqe:0,sqe:0.0563086,bqe:0.0424678|p:[0.3,0.0006,10.2835],dp_:[0.00817265,1.33734e-05,0.221973]
---------------------

TwiddleParams
Steering,uc:1240000,2:Higher|pe:-0.6563,ie:276.689,de:0.0217,te:-0.192276|tsqe:557.524,sqe:0.0563213,bqe:0.0424678|p:[0.3,0.0006,10.2835],dp_:[0.00817265,1.33734e-05,0.221973]
---------------------
-------- No Improvement
After Twiddle ---------------------
Steering,uc:1240000,2:Lower|pe:-0.6563,ie:276.689,de:0.0217,te:-0.192276|tsqe:0,sqe:0.0563213,bqe:0.0424678|p:[0.3,0.0006,9.83957],dp_:[0.00817265,1.33734e-05,0.221973]
---------------------

TwiddleParams
Steering,uc:1250000,2:Lower|pe:0.9317,ie:71.1187,de:0.0953,te:-1.25989|tsqe:470.769,sqe:0.0475572,bqe:0.0424678|p:[0.3,0.0006,9.83957],dp_:[0.00817265,1.33734e-05,0.221973]
---------------------
-------- No Improvement
-------- No Improvement
After Twiddle ---------------------
Steering,uc:1250000,0:Higher|pe:0.9317,ie:71.1187,de:0.0953,te:-1.25989|tsqe:0,sqe:0.0475572,bqe:0.0424678|p:[0.308173,0.0006,10.0615],dp_:[0.00817265,1.33734e-05,0.199776]
---------------------

TwiddleParams
Steering,uc:1260000,0:Higher|pe:0.306,ie:-46.4652,de:0,te:-0.0664217|tsqe:510.187,sqe:0.0515392,bqe:0.0424678|p:[0.308173,0.0006,10.0615],dp_:[0.00817265,1.33734e-05,0.199776]
---------------------
-------- No Improvement
After Twiddle ---------------------
Steering,uc:1260000,0:Lower|pe:0.306,ie:-46.4652,de:0,te:-0.0664217|tsqe:0,sqe:0.0515392,bqe:0.0424678|p:[0.291827,0.0006,10.0615],dp_:[0.00817265,1.33734e-05,0.199776]
---------------------

TwiddleParams
Steering,uc:1270000,0:Lower|pe:0.1761,ie:-180.796,de:-0.0077,te:0.134561|tsqe:508.743,sqe:0.0513934,bqe:0.0424678|p:[0.291827,0.0006,10.0615],dp_:[0.00817265,1.33734e-05,0.199776]
---------------------
-------- No Improvement
-------- No Improvement
After Twiddle ---------------------
Steering,uc:1270000,1:Higher|pe:0.1761,ie:-180.796,de:-0.0077,te:0.134561|tsqe:0,sqe:0.0513934,bqe:0.0424678|p:[0.3,0.000613373,10.0615],dp_:[0.00735539,1.33734e-05,0.199776]
---------------------

TwiddleParams
Steering,uc:1280000,1:Higher|pe:-0.7605,ie:27.0939,de:0,te:0.211531|tsqe:542.219,sqe:0.0547752,bqe:0.0424678|p:[0.3,0.000613373,10.0615],dp_:[0.00735539,1.33734e-05,0.199776]
---------------------
-------- No Improvement
After Twiddle ---------------------
Steering,uc:1280000,1:Lower|pe:-0.7605,ie:27.0939,de:0,te:0.211531|tsqe:0,sqe:0.0547752,bqe:0.0424678|p:[0.3,0.000586627,10.0615],dp_:[0.00735539,1.33734e-05,0.199776]
---------------------

TwiddleParams
Steering,uc:1290000,1:Lower|pe:-0.1578,ie:130.333,de:0,te:-0.0291167|tsqe:569.932,sqe:0.0575747,bqe:0.0424678|p:[0.3,0.000586627,10.0615],dp_:[0.00735539,1.33734e-05,0.199776]
---------------------
-------- No Improvement
-------- No Improvement
After Twiddle ---------------------
Steering,uc:1290000,2:Higher|pe:-0.1578,ie:130.333,de:0,te:-0.0291167|tsqe:0,sqe:0.0575747,bqe:0.0424678|p:[0.3,0.0006,10.2613],dp_:[0.00735539,1.20361e-05,0.199776]
---------------------

TwiddleParams
Steering,uc:1300000,2:Higher|pe:0.0311,ie:206.385,de:0,te:-0.133161|tsqe:604.08,sqe:0.0610244,bqe:0.0424678|p:[0.3,0.0006,10.2613],dp_:[0.00735539,1.20361e-05,0.199776]
---------------------
-------- No Improvement
After Twiddle ---------------------
Steering,uc:1300000,2:Lower|pe:0.0311,ie:206.385,de:0,te:-0.133161|tsqe:0,sqe:0.0610244,bqe:0.0424678|p:[0.3,0.0006,9.86177],dp_:[0.00735539,1.20361e-05,0.199776]
---------------------

TwiddleParams
Steering,uc:1310000,2:Lower|pe:0.3657,ie:214.52,de:0.0065,te:-0.302523|tsqe:462.614,sqe:0.0467334,bqe:0.0424678|p:[0.3,0.0006,9.86177],dp_:[0.00735539,1.20361e-05,0.199776]
---------------------
-------- No Improvement
-------- No Improvement
After Twiddle ---------------------
Steering,uc:1310000,0:Higher|pe:0.3657,ie:214.52,de:0.0065,te:-0.302523|tsqe:0,sqe:0.0467334,bqe:0.0424678|p:[0.307355,0.0006,10.0615],dp_:[0.00735539,1.20361e-05,0.179798]
---------------------

TwiddleParams
Steering,uc:1320000,0:Higher|pe:0.0947,ie:69.0385,de:0.0106,te:-0.177182|tsqe:517.431,sqe:0.052271,bqe:0.0424678|p:[0.307355,0.0006,10.0615],dp_:[0.00735539,1.20361e-05,0.179798]
---------------------
-------- No Improvement
After Twiddle ---------------------
Steering,uc:1320000,0:Lower|pe:0.0947,ie:69.0385,de:0.0106,te:-0.177182|tsqe:0,sqe:0.052271,bqe:0.0424678|p:[0.292645,0.0006,10.0615],dp_:[0.00735539,1.20361e-05,0.179798]
---------------------

TwiddleParams
Steering,uc:1330000,0:Lower|pe:-0.0561,ie:52.7894,de:0,te:-0.0152563|tsqe:604.029,sqe:0.0610192,bqe:0.0424678|p:[0.292645,0.0006,10.0615],dp_:[0.00735539,1.20361e-05,0.179798]
---------------------
-------- No Improvement
-------- No Improvement
After Twiddle ---------------------
Steering,uc:1330000,1:Higher|pe:-0.0561,ie:52.7894,de:0,te:-0.0152563|tsqe:0,sqe:0.0610192,bqe:0.0424678|p:[0.3,0.000612036,10.0615],dp_:[0.00661985,1.20361e-05,0.179798]
---------------------

TwiddleParams
Steering,uc:1340000,1:Higher|pe:-0.135,ie:101.046,de:0,te:-0.0213441|tsqe:629.149,sqe:0.0635569,bqe:0.0424678|p:[0.3,0.000612036,10.0615],dp_:[0.00661985,1.20361e-05,0.179798]
---------------------
-------- No Improvement
After Twiddle ---------------------
Steering,uc:1340000,1:Lower|pe:-0.135,ie:101.046,de:0,te:-0.0213441|tsqe:0,sqe:0.0635569,bqe:0.0424678|p:[0.3,0.000587964,10.0615],dp_:[0.00661985,1.20361e-05,0.179798]
---------------------

TwiddleParams
Steering,uc:1350000,1:Lower|pe:-0.2311,ie:90.502,de:-0.0004,te:0.0201427|tsqe:495.824,sqe:0.0500883,bqe:0.0424678|p:[0.3,0.000587964,10.0615],dp_:[0.00661985,1.20361e-05,0.179798]
---------------------
-------- No Improvement
-------- No Improvement
After Twiddle ---------------------
Steering,uc:1350000,2:Higher|pe:-0.2311,ie:90.502,de:-0.0004,te:0.0201427|tsqe:0,sqe:0.0500883,bqe:0.0424678|p:[0.3,0.0006,10.2413],dp_:[0.00661985,1.08325e-05,0.179798]
---------------------

TwiddleParams
Steering,uc:1360000,2:Higher|pe:-0.0336,ie:128.035,de:0,te:-0.0667411|tsqe:545.895,sqe:0.0551465,bqe:0.0424678|p:[0.3,0.0006,10.2413],dp_:[0.00661985,1.08325e-05,0.179798]
---------------------
-------- No Improvement
After Twiddle ---------------------
Steering,uc:1360000,2:Lower|pe:-0.0336,ie:128.035,de:0,te:-0.0667411|tsqe:0,sqe:0.0551465,bqe:0.0424678|p:[0.3,0.0006,9.88175],dp_:[0.00661985,1.08325e-05,0.179798]
---------------------

TwiddleParams
Steering,uc:1370000,2:Lower|pe:-0.0856,ie:164.217,de:0.0041,te:-0.113365|tsqe:509.244,sqe:0.051444,bqe:0.0424678|p:[0.3,0.0006,9.88175],dp_:[0.00661985,1.08325e-05,0.179798]
---------------------
-------- No Improvement
-------- No Improvement
After Twiddle ---------------------
Steering,uc:1370000,0:Higher|pe:-0.0856,ie:164.217,de:0.0041,te:-0.113365|tsqe:0,sqe:0.051444,bqe:0.0424678|p:[0.30662,0.0006,10.0615],dp_:[0.00661985,1.08325e-05,0.161819]
---------------------

TwiddleParams
Steering,uc:1380000,0:Higher|pe:0.5404,ie:152.312,de:0,te:-0.257085|tsqe:652.965,sqe:0.0659628,bqe:0.0424678|p:[0.30662,0.0006,10.0615],dp_:[0.00661985,1.08325e-05,0.161819]
---------------------
-------- No Improvement
After Twiddle ---------------------
Steering,uc:1380000,0:Lower|pe:0.5404,ie:152.312,de:0,te:-0.257085|tsqe:0,sqe:0.0659628,bqe:0.0424678|p:[0.29338,0.0006,10.0615],dp_:[0.00661985,1.08325e-05,0.161819]
---------------------

TwiddleParams
Steering,uc:1390000,0:Lower|pe:-0.14,ie:68.3177,de:0,te:8.26012e-05|tsqe:621.272,sqe:0.0627611,bqe:0.0424678|p:[0.29338,0.0006,10.0615],dp_:[0.00661985,1.08325e-05,0.161819]
---------------------
-------- No Improvement
-------- No Improvement
After Twiddle ---------------------
Steering,uc:1390000,1:Higher|pe:-0.14,ie:68.3177,de:0,te:8.26012e-05|tsqe:0,sqe:0.0627611,bqe:0.0424678|p:[0.3,0.000610832,10.0615],dp_:[0.00595786,1.08325e-05,0.161819]
---------------------

TwiddleParams
Steering,uc:1400000,1:Higher|pe:0.0331,ie:67.3557,de:-0.0094,te:0.0435055|tsqe:726.022,sqe:0.0733429,bqe:0.0424678|p:[0.3,0.000610832,10.0615],dp_:[0.00595786,1.08325e-05,0.161819]
---------------------
-------- No Improvement
After Twiddle ---------------------
Steering,uc:1400000,1:Lower|pe:0.0331,ie:67.3557,de:-0.0094,te:0.0435055|tsqe:0,sqe:0.0733429,bqe:0.0424678|p:[0.3,0.000589168,10.0615],dp_:[0.00595786,1.08325e-05,0.161819]
---------------------

TwiddleParams
Steering,uc:1410000,1:Lower|pe:0.0293,ie:57.2243,de:-0.0029,te:-0.0133262|tsqe:646.768,sqe:0.0653367,bqe:0.0424678|p:[0.3,0.000589168,10.0615],dp_:[0.00595786,1.08325e-05,0.161819]
---------------------
-------- No Improvement
-------- No Improvement
After Twiddle ---------------------
Steering,uc:1410000,2:Higher|pe:0.0293,ie:57.2243,de:-0.0029,te:-0.0133262|tsqe:0,sqe:0.0653367,bqe:0.0424678|p:[0.3,0.0006,10.2234],dp_:[0.00595786,9.74923e-06,0.161819]
---------------------

TwiddleParams
Steering,uc:1420000,2:Higher|pe:0.0157,ie:63.9332,de:0,te:-0.0430699|tsqe:605.207,sqe:0.0611382,bqe:0.0424678|p:[0.3,0.0006,10.2234],dp_:[0.00595786,9.74923e-06,0.161819]
---------------------
-------- No Improvement
After Twiddle ---------------------
Steering,uc:1420000,2:Lower|pe:0.0157,ie:63.9332,de:0,te:-0.0430699|tsqe:0,sqe:0.0611382,bqe:0.0424678|p:[0.3,0.0006,9.89973],dp_:[0.00595786,9.74923e-06,0.161819]
---------------------

TwiddleParams
Steering,uc:1430000,2:Lower|pe:-0.1537,ie:86.1831,de:-0.0132,te:0.125077|tsqe:679.401,sqe:0.0686333,bqe:0.0424678|p:[0.3,0.0006,9.89973],dp_:[0.00595786,9.74923e-06,0.161819]
---------------------
-------- No Improvement
-------- No Improvement
After Twiddle ---------------------
Steering,uc:1430000,0:Higher|pe:-0.1537,ie:86.1831,de:-0.0132,te:0.125077|tsqe:0,sqe:0.0686333,bqe:0.0424678|p:[0.305958,0.0006,10.0615],dp_:[0.00595786,9.74923e-06,0.145637]
---------------------

TwiddleParams
Steering,uc:1440000,0:Higher|pe:-0.2615,ie:99.6355,de:-0.0007,te:0.0272698|tsqe:614.454,sqe:0.0620723,bqe:0.0424678|p:[0.305958,0.0006,10.0615],dp_:[0.00595786,9.74923e-06,0.145637]
---------------------
-------- No Improvement
After Twiddle ---------------------
Steering,uc:1440000,0:Lower|pe:-0.2615,ie:99.6355,de:-0.0007,te:0.0272698|tsqe:0,sqe:0.0620723,bqe:0.0424678|p:[0.294042,0.0006,10.0615],dp_:[0.00595786,9.74923e-06,0.145637]
---------------------

TwiddleParams
Steering,uc:1450000,0:Lower|pe:0.025,ie:126.391,de:0,te:-0.083186|tsqe:538.628,sqe:0.0544123,bqe:0.0424678|p:[0.294042,0.0006,10.0615],dp_:[0.00595786,9.74923e-06,0.145637]
---------------------
-------- No Improvement
-------- No Improvement
After Twiddle ---------------------
Steering,uc:1450000,1:Higher|pe:0.025,ie:126.391,de:0,te:-0.083186|tsqe:0,sqe:0.0544123,bqe:0.0424678|p:[0.3,0.000609749,10.0615],dp_:[0.00536208,9.74923e-06,0.145637]
---------------------

TwiddleParams
Steering,uc:1460000,1:Higher|pe:-0.0287,ie:159.68,de:0,te:-0.0887545|tsqe:498.158,sqe:0.0503241,bqe:0.0424678|p:[0.3,0.000609749,10.0615],dp_:[0.00536208,9.74923e-06,0.145637]
---------------------
-------- No Improvement
After Twiddle ---------------------
Steering,uc:1460000,1:Lower|pe:-0.0287,ie:159.68,de:0,te:-0.0887545|tsqe:0,sqe:0.0503241,bqe:0.0424678|p:[0.3,0.000590251,10.0615],dp_:[0.00536208,9.74923e-06,0.145637]
---------------------

TwiddleParams
Steering,uc:1470000,1:Lower|pe:-0.301,ie:247.707,de:0,te:-0.0559093|tsqe:529.589,sqe:0.0534992,bqe:0.0424678|p:[0.3,0.000590251,10.0615],dp_:[0.00536208,9.74923e-06,0.145637]
---------------------
-------- No Improvement
-------- No Improvement
After Twiddle ---------------------
Steering,uc:1470000,2:Higher|pe:-0.301,ie:247.707,de:0,te:-0.0559093|tsqe:0,sqe:0.0534992,bqe:0.0424678|p:[0.3,0.0006,10.2072],dp_:[0.00536208,8.77431e-06,0.145637]
---------------------

TwiddleParams
Steering,uc:1480000,2:Higher|pe:1.7464,ie:154.497,de:0,te:-0.616618|tsqe:523.806,sqe:0.052915,bqe:0.0424678|p:[0.3,0.0006,10.2072],dp_:[0.00536208,8.77431e-06,0.145637]
---------------------
-------- No Improvement
After Twiddle ---------------------
Steering,uc:1480000,2:Lower|pe:1.7464,ie:154.497,de:0,te:-0.616618|tsqe:0,sqe:0.052915,bqe:0.0424678|p:[0.3,0.0006,9.91591],dp_:[0.00536208,8.77431e-06,0.145637]
---------------------

TwiddleParams
Steering,uc:1490000,2:Lower|pe:0.2708,ie:-42.8816,de:0,te:-0.055511|tsqe:513.478,sqe:0.0518717,bqe:0.0424678|p:[0.3,0.0006,9.91591],dp_:[0.00536208,8.77431e-06,0.145637]
---------------------
-------- No Improvement
-------- No Improvement
After Twiddle ---------------------
Steering,uc:1490000,0:Higher|pe:0.2708,ie:-42.8816,de:0,te:-0.055511|tsqe:0,sqe:0.0518717,bqe:0.0424678|p:[0.305362,0.0006,10.0615],dp_:[0.00536208,8.77431e-06,0.131073]
---------------------

TwiddleParams
Steering,uc:1500000,0:Higher|pe:0.1347,ie:-161.851,de:0.0053,te:0.00265238|tsqe:574.002,sqe:0.0579858,bqe:0.0424678|p:[0.305362,0.0006,10.0615],dp_:[0.00536208,8.77431e-06,0.131073]
---------------------
-------- No Improvement
After Twiddle ---------------------
Steering,uc:1500000,0:Lower|pe:0.1347,ie:-161.851,de:0.0053,te:0.00265238|tsqe:0,sqe:0.0579858,bqe:0.0424678|p:[0.294638,0.0006,10.0615],dp_:[0.00536208,8.77431e-06,0.131073]
---------------------

TwiddleParams
Steering,uc:1510000,0:Lower|pe:-0.7953,ie:9.6235,de:0,te:0.228551|tsqe:562.839,sqe:0.0568581,bqe:0.0424678|p:[0.294638,0.0006,10.0615],dp_:[0.00536208,8.77431e-06,0.131073]
---------------------
-------- No Improvement
-------- No Improvement
After Twiddle ---------------------
Steering,uc:1510000,1:Higher|pe:-0.7953,ie:9.6235,de:0,te:0.228551|tsqe:0,sqe:0.0568581,bqe:0.0424678|p:[0.3,0.000608774,10.0615],dp_:[0.00482587,8.77431e-06,0.131073]
---------------------

TwiddleParams
Steering,uc:1520000,1:Higher|pe:-0.2916,ie:147.904,de:0,te:-0.00256046|tsqe:562.043,sqe:0.0567777,bqe:0.0424678|p:[0.3,0.000608774,10.0615],dp_:[0.00482587,8.77431e-06,0.131073]
---------------------
-------- No Improvement
After Twiddle ---------------------
Steering,uc:1520000,1:Lower|pe:-0.2916,ie:147.904,de:0,te:-0.00256046|tsqe:0,sqe:0.0567777,bqe:0.0424678|p:[0.3,0.000591226,10.0615],dp_:[0.00482587,8.77431e-06,0.131073]
---------------------

TwiddleParams
Steering,uc:1530000,1:Lower|pe:0.0029,ie:251.455,de:0,te:-0.149537|tsqe:464.542,sqe:0.0469282,bqe:0.0424678|p:[0.3,0.000591226,10.0615],dp_:[0.00482587,8.77431e-06,0.131073]
---------------------
-------- No Improvement
-------- No Improvement
After Twiddle ---------------------
Steering,uc:1530000,2:Higher|pe:0.0029,ie:251.455,de:0,te:-0.149537|tsqe:0,sqe:0.0469282,bqe:0.0424678|p:[0.3,0.0006,10.1926],dp_:[0.00482587,7.89688e-06,0.131073]
---------------------

TwiddleParams
Steering,uc:1540000,2:Higher|pe:0.1517,ie:69.8402,de:0,te:-0.0874141|tsqe:572.16,sqe:0.0577998,bqe:0.0424678|p:[0.3,0.0006,10.1926],dp_:[0.00482587,7.89688e-06,0.131073]
---------------------
-------- No Improvement
After Twiddle ---------------------
Steering,uc:1540000,2:Lower|pe:0.1517,ie:69.8402,de:0,te:-0.0874141|tsqe:0,sqe:0.0577998,bqe:0.0424678|p:[0.3,0.0006,9.93047],dp_:[0.00482587,7.89688e-06,0.131073]
---------------------

TwiddleParams
Steering,uc:1550000,2:Lower|pe:-0.0657,ie:61.1489,de:0.0002,te:-0.0189654|tsqe:554.292,sqe:0.0559947,bqe:0.0424678|p:[0.3,0.0006,9.93047],dp_:[0.00482587,7.89688e-06,0.131073]
---------------------
-------- No Improvement
-------- No Improvement
After Twiddle ---------------------
Steering,uc:1550000,0:Higher|pe:-0.0657,ie:61.1489,de:0.0002,te:-0.0189654|tsqe:0,sqe:0.0559947,bqe:0.0424678|p:[0.304826,0.0006,10.0615],dp_:[0.00482587,7.89688e-06,0.117966]
---------------------

TwiddleParams
Steering,uc:1560000,0:Higher|pe:-0.28,ie:92.2646,de:0,te:0.0299925|tsqe:571.352,sqe:0.0577181,bqe:0.0424678|p:[0.304826,0.0006,10.0615],dp_:[0.00482587,7.89688e-06,0.117966]
---------------------
-------- No Improvement
After Twiddle ---------------------
Steering,uc:1560000,0:Lower|pe:-0.28,ie:92.2646,de:0,te:0.0299925|tsqe:0,sqe:0.0577181,bqe:0.0424678|p:[0.295174,0.0006,10.0615],dp_:[0.00482587,7.89688e-06,0.117966]
---------------------

TwiddleParams
Steering,uc:1570000,0:Lower|pe:0.0618,ie:107.905,de:0,te:-0.0829848|tsqe:510.768,sqe:0.0515979,bqe:0.0424678|p:[0.295174,0.0006,10.0615],dp_:[0.00482587,7.89688e-06,0.117966]
---------------------
-------- No Improvement
-------- No Improvement
After Twiddle ---------------------
Steering,uc:1570000,1:Higher|pe:0.0618,ie:107.905,de:0,te:-0.0829848|tsqe:0,sqe:0.0515979,bqe:0.0424678|p:[0.3,0.000607897,10.0615],dp_:[0.00434328,7.89688e-06,0.117966]
---------------------

TwiddleParams
Steering,uc:1580000,1:Higher|pe:-0.2491,ie:152.731,de:-0.0095,te:0.0774699|tsqe:613.466,sqe:0.0619725,bqe:0.0424678|p:[0.3,0.000607897,10.0615],dp_:[0.00434328,7.89688e-06,0.117966]
---------------------
-------- No Improvement
After Twiddle ---------------------
Steering,uc:1580000,1:Lower|pe:-0.2491,ie:152.731,de:-0.0095,te:0.0774699|tsqe:0,sqe:0.0619725,bqe:0.0424678|p:[0.3,0.000592103,10.0615],dp_:[0.00434328,7.89688e-06,0.117966]
---------------------

TwiddleParams
Steering,uc:1590000,1:Lower|pe:0.044,ie:165.582,de:0,te:-0.111242|tsqe:628.813,sqe:0.0635229,bqe:0.0424678|p:[0.3,0.000592103,10.0615],dp_:[0.00434328,7.89688e-06,0.117966]
---------------------
-------- No Improvement
-------- No Improvement
After Twiddle ---------------------
Steering,uc:1590000,2:Higher|pe:0.044,ie:165.582,de:0,te:-0.111242|tsqe:0,sqe:0.0635229,bqe:0.0424678|p:[0.3,0.0006,10.1795],dp_:[0.00434328,7.10719e-06,0.117966]
---------------------

TwiddleParams
Steering,uc:1600000,2:Higher|pe:-0.1459,ie:109.267,de:0,te:-0.0217902|tsqe:721.134,sqe:0.0728491,bqe:0.0424678|p:[0.3,0.0006,10.1795],dp_:[0.00434328,7.10719e-06,0.117966]
---------------------
-------- No Improvement
After Twiddle ---------------------
Steering,uc:1600000,2:Lower|pe:-0.1459,ie:109.267,de:0,te:-0.0217902|tsqe:0,sqe:0.0728491,bqe:0.0424678|p:[0.3,0.0006,9.94358],dp_:[0.00434328,7.10719e-06,0.117966]
---------------------

TwiddleParams
Steering,uc:1610000,2:Lower|pe:-0.0144,ie:71.2744,de:0,te:-0.0384446|tsqe:535.901,sqe:0.0541369,bqe:0.0424678|p:[0.3,0.0006,9.94358],dp_:[0.00434328,7.10719e-06,0.117966]
---------------------
-------- No Improvement
-------- No Improvement
After Twiddle ---------------------
Steering,uc:1610000,0:Higher|pe:-0.0144,ie:71.2744,de:0,te:-0.0384446|tsqe:0,sqe:0.0541369,bqe:0.0424678|p:[0.304343,0.0006,10.0615],dp_:[0.00434328,7.10719e-06,0.106169]
---------------------

TwiddleParams
Steering,uc:1620000,0:Higher|pe:-0.065,ie:57.1023,de:0,te:-0.0144791|tsqe:584.151,sqe:0.0590111,bqe:0.0424678|p:[0.304343,0.0006,10.0615],dp_:[0.00434328,7.10719e-06,0.106169]
---------------------
-------- No Improvement
After Twiddle ---------------------
Steering,uc:1620000,0:Lower|pe:-0.065,ie:57.1023,de:0,te:-0.0144791|tsqe:0,sqe:0.0590111,bqe:0.0424678|p:[0.295657,0.0006,10.0615],dp_:[0.00434328,7.10719e-06,0.106169]
---------------------

TwiddleParams
Steering,uc:1630000,0:Lower|pe:-0.0698,ie:54.386,de:-0.0022,te:0.0101406|tsqe:641.537,sqe:0.0648083,bqe:0.0424678|p:[0.295657,0.0006,10.0615],dp_:[0.00434328,7.10719e-06,0.106169]
---------------------
-------- No Improvement
-------- No Improvement
After Twiddle ---------------------
Steering,uc:1630000,1:Higher|pe:-0.0698,ie:54.386,de:-0.0022,te:0.0101406|tsqe:0,sqe:0.0648083,bqe:0.0424678|p:[0.3,0.000607107,10.0615],dp_:[0.00390895,7.10719e-06,0.106169]
---------------------

TwiddleParams
Steering,uc:1640000,1:Higher|pe:0.0284,ie:52.2567,de:0,te:-0.0402454|tsqe:604.02,sqe:0.0610183,bqe:0.0424678|p:[0.3,0.000607107,10.0615],dp_:[0.00390895,7.10719e-06,0.106169]
---------------------
-------- No Improvement
After Twiddle ---------------------
Steering,uc:1640000,1:Lower|pe:0.0284,ie:52.2567,de:0,te:-0.0402454|tsqe:0,sqe:0.0610183,bqe:0.0424678|p:[0.3,0.000592893,10.0615],dp_:[0.00390895,7.10719e-06,0.106169]
---------------------

TwiddleParams
Steering,uc:1650000,1:Lower|pe:-0.2379,ie:65.9631,de:0,te:0.032261|tsqe:550.859,sqe:0.0556479,bqe:0.0424678|p:[0.3,0.000592893,10.0615],dp_:[0.00390895,7.10719e-06,0.106169]
---------------------
-------- No Improvement
-------- No Improvement
After Twiddle ---------------------
Steering,uc:1650000,2:Higher|pe:-0.2379,ie:65.9631,de:0,te:0.032261|tsqe:0,sqe:0.0556479,bqe:0.0424678|p:[0.3,0.0006,10.1677],dp_:[0.00390895,6.39647e-06,0.106169]
---------------------

TwiddleParams
Steering,uc:1660000,2:Higher|pe:-0.0012,ie:98.5722,de:-0.0069,te:0.0113739|tsqe:546.267,sqe:0.0551841,bqe:0.0424678|p:[0.3,0.0006,10.1677],dp_:[0.00390895,6.39647e-06,0.106169]
---------------------
-------- No Improvement
After Twiddle ---------------------
Steering,uc:1660000,2:Lower|pe:-0.0012,ie:98.5722,de:-0.0069,te:0.0113739|tsqe:0,sqe:0.0551841,bqe:0.0424678|p:[0.3,0.0006,9.95538],dp_:[0.00390895,6.39647e-06,0.106169]
---------------------

TwiddleParams
Steering,uc:1670000,2:Lower|pe:-0.0316,ie:106.202,de:0,te:-0.0542415|tsqe:519.523,sqe:0.0524824,bqe:0.0424678|p:[0.3,0.0006,9.95538],dp_:[0.00390895,6.39647e-06,0.106169]
---------------------
-------- No Improvement
-------- No Improvement
After Twiddle ---------------------
Steering,uc:1670000,0:Higher|pe:-0.0316,ie:106.202,de:0,te:-0.0542415|tsqe:0,sqe:0.0524824,bqe:0.0424678|p:[0.303909,0.0006,10.0615],dp_:[0.00390895,6.39647e-06,0.0955522]
---------------------

TwiddleParams
Steering,uc:1680000,0:Higher|pe:-0.0848,ie:161.812,de:0.0079,te:-0.150802|tsqe:598.523,sqe:0.060463,bqe:0.0424678|p:[0.303909,0.0006,10.0615],dp_:[0.00390895,6.39647e-06,0.0955522]
---------------------
-------- No Improvement
After Twiddle ---------------------
Steering,uc:1680000,0:Lower|pe:-0.0848,ie:161.812,de:0.0079,te:-0.150802|tsqe:0,sqe:0.060463,bqe:0.0424678|p:[0.296091,0.0006,10.0615],dp_:[0.00390895,6.39647e-06,0.0955522]
---------------------

TwiddleParams
Steering,uc:1690000,0:Lower|pe:0.2488,ie:203.332,de:-0.0196,te:0.00153943|tsqe:658.794,sqe:0.0665515,bqe:0.0424678|p:[0.296091,0.0006,10.0615],dp_:[0.00390895,6.39647e-06,0.0955522]
---------------------
-------- No Improvement
-------- No Improvement
After Twiddle ---------------------
Steering,uc:1690000,1:Higher|pe:0.2488,ie:203.332,de:-0.0196,te:0.00153943|tsqe:0,sqe:0.0665515,bqe:0.0424678|p:[0.3,0.000606396,10.0615],dp_:[0.00351806,6.39647e-06,0.0955522]
---------------------

TwiddleParams
Steering,uc:1700000,1:Higher|pe:-0.131,ie:205.736,de:0,te:-0.0854574|tsqe:579.827,sqe:0.0585743,bqe:0.0424678|p:[0.3,0.000606396,10.0615],dp_:[0.00351806,6.39647e-06,0.0955522]
---------------------
-------- No Improvement
After Twiddle ---------------------
Steering,uc:1700000,1:Lower|pe:-0.131,ie:205.736,de:0,te:-0.0854574|tsqe:0,sqe:0.0585743,bqe:0.0424678|p:[0.3,0.000593604,10.0615],dp_:[0.00351806,6.39647e-06,0.0955522]
---------------------

TwiddleParams
Steering,uc:1710000,1:Lower|pe:-0.735,ie:219.334,de:0,te:0.0903024|tsqe:513.362,sqe:0.05186,bqe:0.0424678|p:[0.3,0.000593604,10.0615],dp_:[0.00351806,6.39647e-06,0.0955522]
---------------------
-------- No Improvement
-------- No Improvement
After Twiddle ---------------------
Steering,uc:1710000,2:Higher|pe:-0.735,ie:219.334,de:0,te:0.0903024|tsqe:0,sqe:0.05186,bqe:0.0424678|p:[0.3,0.0006,10.1571],dp_:[0.00351806,5.75682e-06,0.0955522]
---------------------

TwiddleParams
Steering,uc:1720000,2:Higher|pe:0.6277,ie:3.3829,de:-0.004,te:-0.149711|tsqe:526.523,sqe:0.0531895,bqe:0.0424678|p:[0.3,0.0006,10.1571],dp_:[0.00351806,5.75682e-06,0.0955522]
---------------------
-------- No Improvement
After Twiddle ---------------------
Steering,uc:1720000,2:Lower|pe:0.6277,ie:3.3829,de:-0.004,te:-0.149711|tsqe:0,sqe:0.0531895,bqe:0.0424678|p:[0.3,0.0006,9.96599],dp_:[0.00351806,5.75682e-06,0.0955522]
---------------------

TwiddleParams
Steering,uc:1730000,2:Lower|pe:0.3211,ie:-107.44,de:0,te:-0.0318658|tsqe:589.648,sqe:0.0595664,bqe:0.0424678|p:[0.3,0.0006,9.96599],dp_:[0.00351806,5.75682e-06,0.0955522]
---------------------
-------- No Improvement
-------- No Improvement
After Twiddle ---------------------
Steering,uc:1730000,0:Higher|pe:0.3211,ie:-107.44,de:0,te:-0.0318658|tsqe:0,sqe:0.0595664,bqe:0.0424678|p:[0.303518,0.0006,10.0615],dp_:[0.00351806,5.75682e-06,0.085997]
---------------------

TwiddleParams
Steering,uc:1740000,0:Higher|pe:-0.8244,ie:-42.3275,de:-0.0171,te:0.447669|tsqe:548.817,sqe:0.0554416,bqe:0.0424678|p:[0.303518,0.0006,10.0615],dp_:[0.00351806,5.75682e-06,0.085997]
---------------------
-------- No Improvement
After Twiddle ---------------------
Steering,uc:1740000,0:Lower|pe:-0.8244,ie:-42.3275,de:-0.0171,te:0.447669|tsqe:0,sqe:0.0554416,bqe:0.0424678|p:[0.296482,0.0006,10.0615],dp_:[0.00351806,5.75682e-06,0.085997]
---------------------

TwiddleParams
Steering,uc:1750000,0:Lower|pe:-0.1557,ie:123.865,de:0,te:-0.028157|tsqe:674.226,sqe:0.0681105,bqe:0.0424678|p:[0.296482,0.0006,10.0615],dp_:[0.00351806,5.75682e-06,0.085997]
---------------------
-------- No Improvement
-------- No Improvement
After Twiddle ---------------------
Steering,uc:1750000,1:Higher|pe:-0.1557,ie:123.865,de:0,te:-0.028157|tsqe:0,sqe:0.0681105,bqe:0.0424678|p:[0.3,0.000605757,10.0615],dp_:[0.00316625,5.75682e-06,0.085997]
---------------------

TwiddleParams
Steering,uc:1760000,1:Higher|pe:0.0354,ie:240.161,de:0,te:-0.156099|tsqe:464.167,sqe:0.0468903,bqe:0.0424678|p:[0.3,0.000605757,10.0615],dp_:[0.00316625,5.75682e-06,0.085997]
---------------------
-------- No Improvement
After Twiddle ---------------------
Steering,uc:1760000,1:Lower|pe:0.0354,ie:240.161,de:0,te:-0.156099|tsqe:0,sqe:0.0468903,bqe:0.0424678|p:[0.3,0.000594243,10.0615],dp_:[0.00316625,5.75682e-06,0.085997]
---------------------

TwiddleParams
Steering,uc:1770000,1:Lower|pe:0.3229,ie:118.906,de:0,te:-0.167529|tsqe:578.376,sqe:0.0584277,bqe:0.0424678|p:[0.3,0.000594243,10.0615],dp_:[0.00316625,5.75682e-06,0.085997]
---------------------
-------- No Improvement
-------- No Improvement
After Twiddle ---------------------
Steering,uc:1770000,2:Higher|pe:0.3229,ie:118.906,de:0,te:-0.167529|tsqe:0,sqe:0.0584277,bqe:0.0424678|p:[0.3,0.0006,10.1475],dp_:[0.00316625,5.18114e-06,0.085997]
---------------------

TwiddleParams
Steering,uc:1780000,2:Higher|pe:0.2244,ie:52.0171,de:-0.0033,te:-0.0650434|tsqe:578.271,sqe:0.0584171,bqe:0.0424678|p:[0.3,0.0006,10.1475],dp_:[0.00316625,5.18114e-06,0.085997]
---------------------
-------- No Improvement
After Twiddle ---------------------
Steering,uc:1780000,2:Lower|pe:0.2244,ie:52.0171,de:-0.0033,te:-0.0650434|tsqe:0,sqe:0.0584171,bqe:0.0424678|p:[0.3,0.0006,9.97555],dp_:[0.00316625,5.18114e-06,0.085997]
---------------------

TwiddleParams
Steering,uc:1790000,2:Lower|pe:-0.0627,ie:59.5357,de:0.0004,te:-0.0209016|tsqe:646.896,sqe:0.0653497,bqe:0.0424678|p:[0.3,0.0006,9.97555],dp_:[0.00316625,5.18114e-06,0.085997]
---------------------
-------- No Improvement
-------- No Improvement
After Twiddle ---------------------
Steering,uc:1790000,0:Higher|pe:-0.0627,ie:59.5357,de:0.0004,te:-0.0209016|tsqe:0,sqe:0.0653497,bqe:0.0424678|p:[0.303166,0.0006,10.0615],dp_:[0.00316625,5.18114e-06,0.0773973]
---------------------

TwiddleParams
Steering,uc:1800000,0:Higher|pe:-0.3495,ie:115.391,de:0.0018,te:0.0186112|tsqe:598.821,sqe:0.0604931,bqe:0.0424678|p:[0.303166,0.0006,10.0615],dp_:[0.00316625,5.18114e-06,0.0773973]
---------------------
-------- No Improvement
After Twiddle ---------------------
Steering,uc:1800000,0:Lower|pe:-0.3495,ie:115.391,de:0.0018,te:0.0186112|tsqe:0,sqe:0.0604931,bqe:0.0424678|p:[0.296834,0.0006,10.0615],dp_:[0.00316625,5.18114e-06,0.0773973]
---------------------

TwiddleParams
Steering,uc:1810000,0:Lower|pe:-0.106,ie:103.469,de:0.0166,te:-0.197639|tsqe:565.399,sqe:0.0571168,bqe:0.0424678|p:[0.296834,0.0006,10.0615],dp_:[0.00316625,5.18114e-06,0.0773973]
---------------------
-------- No Improvement
-------- No Improvement
After Twiddle ---------------------
Steering,uc:1810000,1:Higher|pe:-0.106,ie:103.469,de:0.0166,te:-0.197639|tsqe:0,sqe:0.0571168,bqe:0.0424678|p:[0.3,0.000605181,10.0615],dp_:[0.00284963,5.18114e-06,0.0773973]
---------------------

TwiddleParams
Steering,uc:1820000,1:Higher|pe:0.0738,ie:157.66,de:0,te:-0.117553|tsqe:609.01,sqe:0.0615224,bqe:0.0424678|p:[0.3,0.000605181,10.0615],dp_:[0.00284963,5.18114e-06,0.0773973]
---------------------
-------- No Improvement
After Twiddle ---------------------
Steering,uc:1820000,1:Lower|pe:0.0738,ie:157.66,de:0,te:-0.117553|tsqe:0,sqe:0.0615224,bqe:0.0424678|p:[0.3,0.000594819,10.0615],dp_:[0.00284963,5.18114e-06,0.0773973]
---------------------

TwiddleParams
Steering,uc:1830000,1:Lower|pe:0.1674,ie:117.484,de:0,te:-0.120102|tsqe:667.678,sqe:0.067449,bqe:0.0424678|p:[0.3,0.000594819,10.0615],dp_:[0.00284963,5.18114e-06,0.0773973]
---------------------
-------- No Improvement
-------- No Improvement
After Twiddle ---------------------
Steering,uc:1830000,2:Higher|pe:0.1674,ie:117.484,de:0,te:-0.120102|tsqe:0,sqe:0.067449,bqe:0.0424678|p:[0.3,0.0006,10.1389],dp_:[0.00284963,4.66303e-06,0.0773973]
---------------------

TwiddleParams
Steering,uc:1840000,2:Higher|pe:-0.0943,ie:108.396,de:0,te:-0.0367477|tsqe:582.871,sqe:0.0588818,bqe:0.0424678|p:[0.3,0.0006,10.1389],dp_:[0.00284963,4.66303e-06,0.0773973]
---------------------
-------- No Improvement
After Twiddle ---------------------
Steering,uc:1840000,2:Lower|pe:-0.0943,ie:108.396,de:0,te:-0.0367477|tsqe:0,sqe:0.0588818,bqe:0.0424678|p:[0.3,0.0006,9.98415],dp_:[0.00284963,4.66303e-06,0.0773973]
---------------------

TwiddleParams
Steering,uc:1850000,2:Lower|pe:-0.0599,ie:69.2475,de:0.0484,te:-0.506811|tsqe:536.283,sqe:0.0541755,bqe:0.0424678|p:[0.3,0.0006,9.98415],dp_:[0.00284963,4.66303e-06,0.0773973]
---------------------
-------- No Improvement
-------- No Improvement
After Twiddle ---------------------
Steering,uc:1850000,0:Higher|pe:-0.0599,ie:69.2475,de:0.0484,te:-0.506811|tsqe:0,sqe:0.0541755,bqe:0.0424678|p:[0.30285,0.0006,10.0615],dp_:[0.00284963,4.66303e-06,0.0696576]
---------------------

TwiddleParams
Steering,uc:1860000,0:Higher|pe:0.1343,ie:61.8395,de:0,te:-0.0777764|tsqe:591.005,sqe:0.0597035,bqe:0.0424678|p:[0.30285,0.0006,10.0615],dp_:[0.00284963,4.66303e-06,0.0696576]
---------------------
-------- No Improvement
After Twiddle ---------------------
Steering,uc:1860000,0:Lower|pe:0.1343,ie:61.8395,de:0,te:-0.0777764|tsqe:0,sqe:0.0597035,bqe:0.0424678|p:[0.29715,0.0006,10.0615],dp_:[0.00284963,4.66303e-06,0.0696576]
---------------------

TwiddleParams
Steering,uc:1870000,0:Lower|pe:0.0559,ie:55.0663,de:0,te:-0.0496505|tsqe:586.628,sqe:0.0592613,bqe:0.0424678|p:[0.29715,0.0006,10.0615],dp_:[0.00284963,4.66303e-06,0.0696576]
---------------------
-------- No Improvement
-------- No Improvement
After Twiddle ---------------------
Steering,uc:1870000,1:Higher|pe:0.0559,ie:55.0663,de:0,te:-0.0496505|tsqe:0,sqe:0.0592613,bqe:0.0424678|p:[0.3,0.000604663,10.0615],dp_:[0.00256467,4.66303e-06,0.0696576]
---------------------

TwiddleParams
Steering,uc:1880000,1:Higher|pe:-0.0386,ie:54.8532,de:0.0109,te:-0.131259|tsqe:513.03,sqe:0.0518264,bqe:0.0424678|p:[0.3,0.000604663,10.0615],dp_:[0.00256467,4.66303e-06,0.0696576]
---------------------
-------- No Improvement
After Twiddle ---------------------
Steering,uc:1880000,1:Lower|pe:-0.0386,ie:54.8532,de:0.0109,te:-0.131259|tsqe:0,sqe:0.0518264,bqe:0.0424678|p:[0.3,0.000595337,10.0615],dp_:[0.00256467,4.66303e-06,0.0696576]
---------------------

TwiddleParams
Steering,uc:1890000,1:Lower|pe:-0.2181,ie:74.7039,de:0,te:0.020956|tsqe:587.537,sqe:0.0593532,bqe:0.0424678|p:[0.3,0.000595337,10.0615],dp_:[0.00256467,4.66303e-06,0.0696576]
---------------------
-------- No Improvement
-------- No Improvement
After Twiddle ---------------------
Steering,uc:1890000,2:Higher|pe:-0.2181,ie:74.7039,de:0,te:0.020956|tsqe:0,sqe:0.0593532,bqe:0.0424678|p:[0.3,0.0006,10.1312],dp_:[0.00256467,4.19672e-06,0.0696576]
---------------------

TwiddleParams
Steering,uc:1900000,2:Higher|pe:-0.1587,ie:84.036,de:0,te:-0.0028116|tsqe:565.225,sqe:0.0570992,bqe:0.0424678|p:[0.3,0.0006,10.1312],dp_:[0.00256467,4.19672e-06,0.0696576]
---------------------
-------- No Improvement
After Twiddle ---------------------
Steering,uc:1900000,2:Lower|pe:-0.1587,ie:84.036,de:0,te:-0.0028116|tsqe:0,sqe:0.0570992,bqe:0.0424678|p:[0.3,0.0006,9.99189],dp_:[0.00256467,4.19672e-06,0.0696576]
---------------------

TwiddleParams
Steering,uc:1910000,2:Lower|pe:-0.1766,ie:112.275,de:-0.0107,te:0.0925279|tsqe:575.816,sqe:0.0581691,bqe:0.0424678|p:[0.3,0.0006,9.99189],dp_:[0.00256467,4.19672e-06,0.0696576]
---------------------
-------- No Improvement
-------- No Improvement
After Twiddle ---------------------
Steering,uc:1910000,0:Higher|pe:-0.1766,ie:112.275,de:-0.0107,te:0.0925279|tsqe:0,sqe:0.0581691,bqe:0.0424678|p:[0.302565,0.0006,10.0615],dp_:[0.00256467,4.19672e-06,0.0626918]
---------------------

TwiddleParams
Steering,uc:1920000,0:Higher|pe:-0.0506,ie:130.536,de:0,te:-0.0630121|tsqe:622.87,sqe:0.0629225,bqe:0.0424678|p:[0.302565,0.0006,10.0615],dp_:[0.00256467,4.19672e-06,0.0626918]
---------------------
-------- No Improvement
After Twiddle ---------------------
Steering,uc:1920000,0:Lower|pe:-0.0506,ie:130.536,de:0,te:-0.0630121|tsqe:0,sqe:0.0629225,bqe:0.0424678|p:[0.297435,0.0006,10.0615],dp_:[0.00256467,4.19672e-06,0.0626918]
---------------------

TwiddleParams
Steering,uc:1930000,0:Lower|pe:0.0511,ie:155.368,de:0.0066,te:-0.174826|tsqe:551.996,sqe:0.0557628,bqe:0.0424678|p:[0.297435,0.0006,10.0615],dp_:[0.00256467,4.19672e-06,0.0626918]
---------------------
-------- No Improvement
-------- No Improvement
After Twiddle ---------------------
Steering,uc:1930000,1:Higher|pe:0.0511,ie:155.368,de:0.0066,te:-0.174826|tsqe:0,sqe:0.0557628,bqe:0.0424678|p:[0.3,0.000604197,10.0615],dp_:[0.0023082,4.19672e-06,0.0626918]
---------------------

TwiddleParams
Steering,uc:1940000,1:Higher|pe:0.2433,ie:218.25,de:-0.0091,te:-0.113296|tsqe:573.008,sqe:0.0578855,bqe:0.0424678|p:[0.3,0.000604197,10.0615],dp_:[0.0023082,4.19672e-06,0.0626918]
---------------------
-------- No Improvement
After Twiddle ---------------------
Steering,uc:1940000,1:Lower|pe:0.2433,ie:218.25,de:-0.0091,te:-0.113296|tsqe:0,sqe:0.0578855,bqe:0.0424678|p:[0.3,0.000595803,10.0615],dp_:[0.0023082,4.19672e-06,0.0626918]
---------------------

TwiddleParams
Steering,uc:1950000,1:Lower|pe:-0.3486,ie:258.52,de:0,te:-0.0494469|tsqe:651.151,sqe:0.0657795,bqe:0.0424678|p:[0.3,0.000595803,10.0615],dp_:[0.0023082,4.19672e-06,0.0626918]
---------------------
-------- No Improvement
-------- No Improvement
After Twiddle ---------------------
Steering,uc:1950000,2:Higher|pe:-0.3486,ie:258.52,de:0,te:-0.0494469|tsqe:0,sqe:0.0657795,bqe:0.0424678|p:[0.3,0.0006,10.1242],dp_:[0.0023082,3.77705e-06,0.0626918]
---------------------

TwiddleParams
Steering,uc:1960000,2:Higher|pe:0.4468,ie:21.9097,de:0,te:-0.147186|tsqe:453.532,sqe:0.0458159,bqe:0.0424678|p:[0.3,0.0006,10.1242],dp_:[0.0023082,3.77705e-06,0.0626918]
---------------------
-------- No Improvement
After Twiddle ---------------------
Steering,uc:1960000,2:Lower|pe:0.4468,ie:21.9097,de:0,te:-0.147186|tsqe:0,sqe:0.0458159,bqe:0.0424678|p:[0.3,0.0006,9.99885],dp_:[0.0023082,3.77705e-06,0.0626918]
---------------------

TwiddleParams
Steering,uc:1970000,2:Lower|pe:0.2078,ie:-71.5954,de:-0.0014,te:-0.00538437|tsqe:662.392,sqe:0.066915,bqe:0.0424678|p:[0.3,0.0006,9.99885],dp_:[0.0023082,3.77705e-06,0.0626918]
---------------------
-------- No Improvement
-------- No Improvement
After Twiddle ---------------------
Steering,uc:1970000,0:Higher|pe:0.2078,ie:-71.5954,de:-0.0014,te:-0.00538437|tsqe:0,sqe:0.066915,bqe:0.0424678|p:[0.302308,0.0006,10.0615],dp_:[0.0023082,3.77705e-06,0.0564226]
---------------------

TwiddleParams
Steering,uc:1980000,0:Higher|pe:0.2275,ie:-178.94,de:0,te:0.0385886|tsqe:611.693,sqe:0.0617934,bqe:0.0424678|p:[0.302308,0.0006,10.0615],dp_:[0.0023082,3.77705e-06,0.0564226]
---------------------
-------- No Improvement
After Twiddle ---------------------
Steering,uc:1980000,0:Lower|pe:0.2275,ie:-178.94,de:0,te:0.0385886|tsqe:0,sqe:0.0617934,bqe:0.0424678|p:[0.297692,0.0006,10.0615],dp_:[0.0023082,3.77705e-06,0.0564226]
---------------------

TwiddleParams
Steering,uc:1990000,0:Lower|pe:-0.4934,ie:57.7405,de:0,te:0.112237|tsqe:582.911,sqe:0.0588858,bqe:0.0424678|p:[0.297692,0.0006,10.0615],dp_:[0.0023082,3.77705e-06,0.0564226]
---------------------
-------- No Improvement
-------- No Improvement
After Twiddle ---------------------
Steering,uc:1990000,1:Higher|pe:-0.4934,ie:57.7405,de:0,te:0.112237|tsqe:0,sqe:0.0588858,bqe:0.0424678|p:[0.3,0.000603777,10.0615],dp_:[0.00207738,3.77705e-06,0.0564226]
---------------------

TwiddleParams
Steering,uc:2000000,1:Higher|pe:-0.3921,ie:148.631,de:0.0054,te:-0.0264421|tsqe:644.886,sqe:0.0651466,bqe:0.0424678|p:[0.3,0.000603777,10.0615],dp_:[0.00207738,3.77705e-06,0.0564226]
---------------------
-------- No Improvement
After Twiddle ---------------------
Steering,uc:2000000,1:Lower|pe:-0.3921,ie:148.631,de:0.0054,te:-0.0264421|tsqe:0,sqe:0.0651466,bqe:0.0424678|p:[0.3,0.000596223,10.0615],dp_:[0.00207738,3.77705e-06,0.0564226]
---------------------

TwiddleParams
Steering,uc:2010000,1:Lower|pe:0.0084,ie:245.613,de:0,te:-0.14896|tsqe:422.431,sqe:0.0426741,bqe:0.0424678|p:[0.3,0.000596223,10.0615],dp_:[0.00207738,3.77705e-06,0.0564226]
---------------------
-------- No Improvement
-------- No Improvement
After Twiddle ---------------------
Steering,uc:2010000,2:Higher|pe:0.0084,ie:245.613,de:0,te:-0.14896|tsqe:0,sqe:0.0426741,bqe:0.0424678|p:[0.3,0.0006,10.118],dp_:[0.00207738,3.39935e-06,0.0564226]
---------------------

TwiddleParams
Steering,uc:2020000,2:Higher|pe:0.5102,ie:108.893,de:0,te:-0.218396|tsqe:532.372,sqe:0.0537804,bqe:0.0424678|p:[0.3,0.0006,10.118],dp_:[0.00207738,3.39935e-06,0.0564226]
---------------------
-------- No Improvement
After Twiddle ---------------------
Steering,uc:2020000,2:Lower|pe:0.5102,ie:108.893,de:0,te:-0.218396|tsqe:0,sqe:0.0537804,bqe:0.0424678|p:[0.3,0.0006,10.0051],dp_:[0.00207738,3.39935e-06,0.0564226]
---------------------

TwiddleParams
Steering,uc:2030000,2:Lower|pe:-0.054,ie:62.3459,de:-0.0032,te:0.0108088|tsqe:537.335,sqe:0.0542818,bqe:0.0424678|p:[0.3,0.0006,10.0051],dp_:[0.00207738,3.39935e-06,0.0564226]
---------------------
-------- No Improvement
-------- No Improvement
After Twiddle ---------------------
Steering,uc:2030000,0:Higher|pe:-0.054,ie:62.3459,de:-0.0032,te:0.0108088|tsqe:0,sqe:0.0542818,bqe:0.0424678|p:[0.302077,0.0006,10.0615],dp_:[0.00207738,3.39935e-06,0.0507804]
---------------------

